<?xml version="1.0" encoding="UTF-8"?>
<coverage generated="1683940886644" clover="3.2.0">
  <project timestamp="1683940886644" name="All files">
    <metrics statements="700" coveredstatements="0" conditionals="346" coveredconditionals="0" methods="156" coveredmethods="0" elements="1202" coveredelements="0" complexity="0" loc="700" ncloc="700" packages="1" files="6" classes="6"/>
    <file name="App.svelte" path="/Users/jayram/projects/svelte-chess-pgn/src/lib/App.svelte">
      <metrics statements="28" coveredstatements="0" conditionals="8" coveredconditionals="0" methods="11" coveredmethods="0"/>
      <line num="4" count="0" type="stmt"/>
      <line num="5" count="0" type="stmt"/>
      <line num="6" count="0" type="stmt"/>
      <line num="12" count="0" type="stmt"/>
      <line num="26" count="0" type="stmt"/>
      <line num="28" count="0" type="stmt"/>
      <line num="31" count="0" type="stmt"/>
      <line num="34" count="0" type="stmt"/>
      <line num="35" count="0" type="stmt"/>
      <line num="39" count="0" type="cond" truecount="0" falsecount="2"/>
      <line num="40" count="0" type="stmt"/>
      <line num="41" count="0" type="stmt"/>
      <line num="44" count="0" type="stmt"/>
      <line num="45" count="0" type="stmt"/>
      <line num="48" count="0" type="stmt"/>
      <line num="52" count="0" type="stmt"/>
      <line num="60" count="0" type="stmt"/>
      <line num="64" count="0" type="cond" truecount="0" falsecount="1"/>
      <line num="65" count="0" type="stmt"/>
      <line num="66" count="0" type="stmt"/>
      <line num="68" count="0" type="stmt"/>
      <line num="69" count="0" type="cond" truecount="0" falsecount="5"/>
      <line num="72" count="0" type="stmt"/>
      <line num="73" count="0" type="stmt"/>
      <line num="78" count="0" type="stmt"/>
      <line num="79" count="0" type="stmt"/>
      <line num="81" count="0" type="stmt"/>
      <line num="90" count="0" type="stmt"/>
    </file>
    <file name="Board.svelte" path="/Users/jayram/projects/svelte-chess-pgn/src/lib/Board.svelte">
      <metrics statements="371" coveredstatements="0" conditionals="174" coveredconditionals="0" methods="64" coveredmethods="0"/>
      <line num="4" count="0" type="stmt"/>
      <line num="5" count="0" type="stmt"/>
      <line num="6" count="0" type="stmt"/>
      <line num="7" count="0" type="stmt"/>
      <line num="8" count="0" type="stmt"/>
      <line num="9" count="0" type="stmt"/>
      <line num="10" count="0" type="stmt"/>
      <line num="11" count="0" type="stmt"/>
      <line num="14" count="0" type="stmt"/>
      <line num="18" count="0" type="stmt"/>
      <line num="19" count="0" type="stmt"/>
      <line num="20" count="0" type="stmt"/>
      <line num="21" count="0" type="stmt"/>
      <line num="25" count="0" type="stmt"/>
      <line num="26" count="0" type="stmt"/>
      <line num="27" count="0" type="stmt"/>
      <line num="28" count="0" type="stmt"/>
      <line num="43" count="0" type="stmt"/>
      <line num="45" count="0" type="stmt"/>
      <line num="46" count="0" type="stmt"/>
      <line num="47" count="0" type="stmt"/>
      <line num="48" count="0" type="stmt"/>
      <line num="49" count="0" type="stmt"/>
      <line num="50" count="0" type="stmt"/>
      <line num="51" count="0" type="stmt"/>
      <line num="52" count="0" type="stmt"/>
      <line num="53" count="0" type="stmt"/>
      <line num="54" count="0" type="stmt"/>
      <line num="55" count="0" type="stmt"/>
      <line num="56" count="0" type="stmt"/>
      <line num="57" count="0" type="stmt"/>
      <line num="58" count="0" type="stmt"/>
      <line num="59" count="0" type="stmt"/>
      <line num="62" count="0" type="stmt"/>
      <line num="63" count="0" type="stmt"/>
      <line num="64" count="0" type="stmt"/>
      <line num="65" count="0" type="stmt"/>
      <line num="66" count="0" type="stmt"/>
      <line num="67" count="0" type="stmt"/>
      <line num="68" count="0" type="stmt"/>
      <line num="69" count="0" type="stmt"/>
      <line num="70" count="0" type="stmt"/>
      <line num="72" count="0" type="cond" truecount="0" falsecount="2"/>
      <line num="73" count="0" type="stmt"/>
      <line num="80" count="0" type="stmt"/>
      <line num="84" count="0" type="cond" truecount="0" falsecount="4"/>
      <line num="85" count="0" type="stmt"/>
      <line num="88" count="0" type="cond" truecount="0" falsecount="4"/>
      <line num="89" count="0" type="stmt"/>
      <line num="93" count="0" type="cond" truecount="0" falsecount="2"/>
      <line num="94" count="0" type="cond" truecount="0" falsecount="2"/>
      <line num="95" count="0" type="cond" truecount="0" falsecount="2"/>
      <line num="96" count="0" type="cond" truecount="0" falsecount="2"/>
      <line num="97" count="0" type="cond" truecount="0" falsecount="2"/>
      <line num="98" count="0" type="cond" truecount="0" falsecount="2"/>
      <line num="99" count="0" type="cond" truecount="0" falsecount="2"/>
      <line num="100" count="0" type="stmt"/>
      <line num="101" count="0" type="stmt"/>
      <line num="105" count="0" type="stmt"/>
      <line num="113" count="0" type="stmt"/>
      <line num="127" count="0" type="stmt"/>
      <line num="134" count="0" type="stmt"/>
      <line num="136" count="0" type="stmt"/>
      <line num="137" count="0" type="stmt"/>
      <line num="138" count="0" type="stmt"/>
      <line num="140" count="0" type="cond" truecount="0" falsecount="2"/>
      <line num="144" count="0" type="stmt"/>
      <line num="145" count="0" type="stmt"/>
      <line num="146" count="0" type="stmt"/>
      <line num="149" count="0" type="stmt"/>
      <line num="150" count="0" type="stmt"/>
      <line num="151" count="0" type="stmt"/>
      <line num="152" count="0" type="stmt"/>
      <line num="155" count="0" type="stmt"/>
      <line num="156" count="0" type="cond" truecount="0" falsecount="2"/>
      <line num="157" count="0" type="stmt"/>
      <line num="159" count="0" type="cond" truecount="0" falsecount="5"/>
      <line num="160" count="0" type="stmt"/>
      <line num="164" count="0" type="cond" truecount="0" falsecount="2"/>
      <line num="165" count="0" type="stmt"/>
      <line num="167" count="0" type="stmt"/>
      <line num="168" count="0" type="cond" truecount="0" falsecount="2"/>
      <line num="169" count="0" type="cond" truecount="0" falsecount="2"/>
      <line num="170" count="0" type="stmt"/>
      <line num="173" count="0" type="stmt"/>
      <line num="176" count="0" type="stmt"/>
      <line num="177" count="0" type="cond" truecount="0" falsecount="2"/>
      <line num="178" count="0" type="stmt"/>
      <line num="179" count="0" type="stmt"/>
      <line num="182" count="0" type="cond" truecount="0" falsecount="2"/>
      <line num="183" count="0" type="stmt"/>
      <line num="184" count="0" type="cond" truecount="0" falsecount="4"/>
      <line num="188" count="0" type="stmt"/>
      <line num="196" count="0" type="stmt"/>
      <line num="203" count="0" type="stmt"/>
      <line num="204" count="0" type="stmt"/>
      <line num="205" count="0" type="stmt"/>
      <line num="207" count="0" type="stmt"/>
      <line num="208" count="0" type="stmt"/>
      <line num="211" count="0" type="stmt"/>
      <line num="212" count="0" type="stmt"/>
      <line num="215" count="0" type="stmt"/>
      <line num="217" count="0" type="stmt"/>
      <line num="218" count="0" type="stmt"/>
      <line num="221" count="0" type="stmt"/>
      <line num="224" count="0" type="stmt"/>
      <line num="225" count="0" type="cond" truecount="0" falsecount="2"/>
      <line num="226" count="0" type="stmt"/>
      <line num="230" count="0" type="stmt"/>
      <line num="231" count="0" type="stmt"/>
      <line num="234" count="0" type="cond" truecount="0" falsecount="2"/>
      <line num="235" count="0" type="stmt"/>
      <line num="236" count="0" type="stmt"/>
      <line num="239" count="0" type="stmt"/>
      <line num="240" count="0" type="stmt"/>
      <line num="242" count="0" type="cond" truecount="0" falsecount="2"/>
      <line num="243" count="0" type="stmt"/>
      <line num="244" count="0" type="stmt"/>
      <line num="246" count="0" type="stmt"/>
      <line num="247" count="0" type="stmt"/>
      <line num="248" count="0" type="stmt"/>
      <line num="249" count="0" type="stmt"/>
      <line num="253" count="0" type="stmt"/>
      <line num="255" count="0" type="stmt"/>
      <line num="256" count="0" type="stmt"/>
      <line num="259" count="0" type="stmt"/>
      <line num="263" count="0" type="cond" truecount="0" falsecount="2"/>
      <line num="265" count="0" type="stmt"/>
      <line num="266" count="0" type="stmt"/>
      <line num="269" count="0" type="stmt"/>
      <line num="272" count="0" type="stmt"/>
      <line num="274" count="0" type="stmt"/>
      <line num="275" count="0" type="stmt"/>
      <line num="278" count="0" type="stmt"/>
      <line num="281" count="0" type="stmt"/>
      <line num="282" count="0" type="cond" truecount="0" falsecount="2"/>
      <line num="286" count="0" type="stmt"/>
      <line num="294" count="0" type="stmt"/>
      <line num="305" count="0" type="cond" truecount="0" falsecount="2"/>
      <line num="306" count="0" type="stmt"/>
      <line num="307" count="0" type="stmt"/>
      <line num="308" count="0" type="stmt"/>
      <line num="310" count="0" type="stmt"/>
      <line num="311" count="0" type="stmt"/>
      <line num="314" count="0" type="stmt"/>
      <line num="315" count="0" type="stmt"/>
      <line num="318" count="0" type="stmt"/>
      <line num="329" count="0" type="stmt"/>
      <line num="331" count="0" type="cond" truecount="0" falsecount="2"/>
      <line num="332" count="0" type="stmt"/>
      <line num="333" count="0" type="stmt"/>
      <line num="334" count="0" type="stmt"/>
      <line num="335" count="0" type="stmt"/>
      <line num="337" count="0" type="stmt"/>
      <line num="338" count="0" type="stmt"/>
      <line num="341" count="0" type="stmt"/>
      <line num="342" count="0" type="stmt"/>
      <line num="343" count="0" type="stmt"/>
      <line num="344" count="0" type="stmt"/>
      <line num="345" count="0" type="stmt"/>
      <line num="346" count="0" type="stmt"/>
      <line num="347" count="0" type="stmt"/>
      <line num="348" count="0" type="stmt"/>
      <line num="351" count="0" type="stmt"/>
      <line num="354" count="0" type="cond" truecount="0" falsecount="2"/>
      <line num="355" count="0" type="stmt"/>
      <line num="356" count="0" type="stmt"/>
      <line num="357" count="0" type="stmt"/>
      <line num="358" count="0" type="stmt"/>
      <line num="360" count="0" type="stmt"/>
      <line num="361" count="0" type="cond" truecount="0" falsecount="2"/>
      <line num="362" count="0" type="stmt"/>
      <line num="366" count="0" type="stmt"/>
      <line num="367" count="0" type="stmt"/>
      <line num="368" count="0" type="stmt"/>
      <line num="371" count="0" type="cond" truecount="0" falsecount="2"/>
      <line num="372" count="0" type="cond" truecount="0" falsecount="2"/>
      <line num="373" count="0" type="stmt"/>
      <line num="375" count="0" type="stmt"/>
      <line num="376" count="0" type="stmt"/>
      <line num="377" count="0" type="stmt"/>
      <line num="379" count="0" type="cond" truecount="0" falsecount="2"/>
      <line num="380" count="0" type="stmt"/>
      <line num="381" count="0" type="stmt"/>
      <line num="384" count="0" type="cond" truecount="0" falsecount="2"/>
      <line num="385" count="0" type="stmt"/>
      <line num="386" count="0" type="stmt"/>
      <line num="389" count="0" type="stmt"/>
      <line num="390" count="0" type="stmt"/>
      <line num="392" count="0" type="cond" truecount="0" falsecount="2"/>
      <line num="393" count="0" type="stmt"/>
      <line num="394" count="0" type="stmt"/>
      <line num="396" count="0" type="stmt"/>
      <line num="397" count="0" type="stmt"/>
      <line num="398" count="0" type="stmt"/>
      <line num="399" count="0" type="stmt"/>
      <line num="403" count="0" type="stmt"/>
      <line num="405" count="0" type="stmt"/>
      <line num="406" count="0" type="stmt"/>
      <line num="409" count="0" type="stmt"/>
      <line num="412" count="0" type="stmt"/>
      <line num="413" count="0" type="cond" truecount="0" falsecount="2"/>
      <line num="414" count="0" type="cond" truecount="0" falsecount="2"/>
      <line num="415" count="0" type="stmt"/>
      <line num="418" count="0" type="cond" truecount="0" falsecount="2"/>
      <line num="420" count="0" type="stmt"/>
      <line num="421" count="0" type="stmt"/>
      <line num="424" count="0" type="stmt"/>
      <line num="425" count="0" type="stmt"/>
      <line num="428" count="0" type="stmt"/>
      <line num="430" count="0" type="stmt"/>
      <line num="431" count="0" type="stmt"/>
      <line num="434" count="0" type="stmt"/>
      <line num="435" count="0" type="stmt"/>
      <line num="438" count="0" type="cond" truecount="0" falsecount="2"/>
      <line num="439" count="0" type="cond" truecount="0" falsecount="2"/>
      <line num="440" count="0" type="cond" truecount="0" falsecount="2"/>
      <line num="441" count="0" type="stmt"/>
      <line num="442" count="0" type="stmt"/>
      <line num="446" count="0" type="stmt"/>
      <line num="454" count="0" type="stmt"/>
      <line num="458" count="0" type="stmt"/>
      <line num="460" count="0" type="cond" truecount="0" falsecount="2"/>
      <line num="461" count="0" type="stmt"/>
      <line num="464" count="0" type="stmt"/>
      <line num="467" count="0" type="stmt"/>
      <line num="469" count="0" type="cond" truecount="0" falsecount="2"/>
      <line num="470" count="0" type="stmt"/>
      <line num="473" count="0" type="stmt"/>
      <line num="474" count="0" type="stmt"/>
      <line num="476" count="0" type="stmt"/>
      <line num="477" count="0" type="cond" truecount="0" falsecount="2"/>
      <line num="478" count="0" type="cond" truecount="0" falsecount="2"/>
      <line num="479" count="0" type="stmt"/>
      <line num="482" count="0" type="stmt"/>
      <line num="484" count="0" type="stmt"/>
      <line num="488" count="0" type="cond" truecount="0" falsecount="2"/>
      <line num="489" count="0" type="stmt"/>
      <line num="494" count="0" type="cond" truecount="0" falsecount="2"/>
      <line num="495" count="0" type="stmt"/>
      <line num="499" count="0" type="cond" truecount="0" falsecount="2"/>
      <line num="500" count="0" type="stmt"/>
      <line num="504" count="0" type="cond" truecount="0" falsecount="2"/>
      <line num="505" count="0" type="stmt"/>
      <line num="509" count="0" type="cond" truecount="0" falsecount="4"/>
      <line num="510" count="0" type="stmt"/>
      <line num="513" count="0" type="stmt"/>
      <line num="522" count="0" type="stmt"/>
      <line num="523" count="0" type="stmt"/>
      <line num="525" count="0" type="stmt"/>
      <line num="526" count="0" type="stmt"/>
      <line num="528" count="0" type="stmt"/>
      <line num="529" count="0" type="cond" truecount="0" falsecount="2"/>
      <line num="530" count="0" type="stmt"/>
      <line num="532" count="0" type="stmt"/>
      <line num="536" count="0" type="stmt"/>
      <line num="539" count="0" type="stmt"/>
      <line num="544" count="0" type="cond" truecount="0" falsecount="1"/>
      <line num="545" count="0" type="stmt"/>
      <line num="546" count="0" type="stmt"/>
      <line num="547" count="0" type="cond" truecount="0" falsecount="1"/>
      <line num="548" count="0" type="cond" truecount="0" falsecount="1"/>
      <line num="549" count="0" type="cond" truecount="0" falsecount="1"/>
      <line num="550" count="0" type="stmt"/>
      <line num="551" count="0" type="stmt"/>
      <line num="552" count="0" type="stmt"/>
      <line num="553" count="0" type="stmt"/>
      <line num="554" count="0" type="stmt"/>
      <line num="555" count="0" type="stmt"/>
      <line num="556" count="0" type="stmt"/>
      <line num="559" count="0" type="stmt"/>
      <line num="560" count="0" type="stmt"/>
      <line num="563" count="0" type="stmt"/>
      <line num="564" count="0" type="stmt"/>
      <line num="565" count="0" type="stmt"/>
      <line num="571" count="0" type="cond" truecount="0" falsecount="2"/>
      <line num="572" count="0" type="stmt"/>
      <line num="573" count="0" type="stmt"/>
      <line num="574" count="0" type="stmt"/>
      <line num="575" count="0" type="stmt"/>
      <line num="576" count="0" type="stmt"/>
      <line num="578" count="0" type="stmt"/>
      <line num="588" count="0" type="stmt"/>
      <line num="589" count="0" type="stmt"/>
      <line num="590" count="0" type="stmt"/>
      <line num="591" count="0" type="stmt"/>
      <line num="592" count="0" type="stmt"/>
      <line num="597" count="0" type="stmt"/>
      <line num="600" count="0" type="stmt"/>
      <line num="601" count="0" type="stmt"/>
      <line num="602" count="0" type="stmt"/>
      <line num="604" count="0" type="cond" truecount="0" falsecount="2"/>
      <line num="605" count="0" type="stmt"/>
      <line num="606" count="0" type="stmt"/>
      <line num="610" count="0" type="stmt"/>
      <line num="613" count="0" type="stmt"/>
      <line num="617" count="0" type="stmt"/>
      <line num="619" count="0" type="cond" truecount="0" falsecount="2"/>
      <line num="620" count="0" type="stmt"/>
      <line num="623" count="0" type="stmt"/>
      <line num="627" count="0" type="stmt"/>
      <line num="629" count="0" type="cond" truecount="0" falsecount="2"/>
      <line num="630" count="0" type="stmt"/>
      <line num="633" count="0" type="stmt"/>
      <line num="637" count="0" type="cond" truecount="0" falsecount="2"/>
      <line num="638" count="0" type="stmt"/>
      <line num="641" count="0" type="cond" truecount="0" falsecount="2"/>
      <line num="642" count="0" type="stmt"/>
      <line num="646" count="0" type="stmt"/>
      <line num="647" count="0" type="cond" truecount="0" falsecount="2"/>
      <line num="648" count="0" type="stmt"/>
      <line num="651" count="0" type="stmt"/>
      <line num="654" count="0" type="stmt"/>
      <line num="655" count="0" type="cond" truecount="0" falsecount="2"/>
      <line num="656" count="0" type="stmt"/>
      <line num="666" count="0" type="stmt"/>
      <line num="668" count="0" type="cond" truecount="0" falsecount="2"/>
      <line num="669" count="0" type="stmt"/>
      <line num="670" count="0" type="stmt"/>
      <line num="674" count="0" type="stmt"/>
      <line num="675" count="0" type="stmt"/>
      <line num="677" count="0" type="cond" truecount="0" falsecount="2"/>
      <line num="678" count="0" type="stmt"/>
      <line num="679" count="0" type="stmt"/>
      <line num="684" count="0" type="stmt"/>
      <line num="686" count="0" type="stmt"/>
      <line num="689" count="0" type="stmt"/>
      <line num="691" count="0" type="stmt"/>
      <line num="692" count="0" type="cond" truecount="0" falsecount="5"/>
      <line num="696" count="0" type="stmt"/>
      <line num="697" count="0" type="stmt"/>
      <line num="701" count="0" type="stmt"/>
      <line num="702" count="0" type="stmt"/>
      <line num="705" count="0" type="stmt"/>
      <line num="706" count="0" type="cond" truecount="0" falsecount="2"/>
      <line num="707" count="0" type="cond" truecount="0" falsecount="2"/>
      <line num="708" count="0" type="cond" truecount="0" falsecount="2"/>
      <line num="711" count="0" type="stmt"/>
      <line num="743" count="0" type="stmt"/>
      <line num="744" count="0" type="cond" truecount="0" falsecount="2"/>
      <line num="745" count="0" type="cond" truecount="0" falsecount="2"/>
      <line num="746" count="0" type="cond" truecount="0" falsecount="2"/>
      <line num="747" count="0" type="cond" truecount="0" falsecount="2"/>
      <line num="748" count="0" type="cond" truecount="0" falsecount="2"/>
      <line num="749" count="0" type="cond" truecount="0" falsecount="2"/>
      <line num="750" count="0" type="cond" truecount="0" falsecount="2"/>
      <line num="751" count="0" type="cond" truecount="0" falsecount="2"/>
      <line num="752" count="0" type="cond" truecount="0" falsecount="2"/>
      <line num="753" count="0" type="cond" truecount="0" falsecount="2"/>
      <line num="754" count="0" type="cond" truecount="0" falsecount="2"/>
      <line num="755" count="0" type="cond" truecount="0" falsecount="2"/>
      <line num="758" count="0" type="cond" truecount="0" falsecount="4"/>
      <line num="759" count="0" type="stmt"/>
      <line num="762" count="0" type="stmt"/>
      <line num="763" count="0" type="cond" truecount="0" falsecount="2"/>
      <line num="764" count="0" type="stmt"/>
      <line num="765" count="0" type="stmt"/>
      <line num="770" count="0" type="stmt"/>
      <line num="794" count="0" type="stmt"/>
      <line num="796" count="0" type="stmt"/>
      <line num="810" count="0" type="stmt"/>
      <line num="819" count="0" type="stmt"/>
      <line num="823" count="0" type="stmt"/>
      <line num="824" count="0" type="stmt"/>
      <line num="828" count="0" type="stmt"/>
      <line num="832" count="0" type="stmt"/>
      <line num="833" count="0" type="stmt"/>
      <line num="837" count="0" type="stmt"/>
      <line num="841" count="0" type="stmt"/>
      <line num="842" count="0" type="stmt"/>
      <line num="846" count="0" type="stmt"/>
    </file>
    <file name="MoveViewer.svelte" path="/Users/jayram/projects/svelte-chess-pgn/src/lib/MoveViewer.svelte">
      <metrics statements="251" coveredstatements="0" conditionals="135" coveredconditionals="0" methods="65" coveredmethods="0"/>
      <line num="4" count="0" type="stmt"/>
      <line num="5" count="0" type="stmt"/>
      <line num="6" count="0" type="stmt"/>
      <line num="7" count="0" type="stmt"/>
      <line num="10" count="0" type="stmt"/>
      <line num="14" count="0" type="stmt"/>
      <line num="15" count="0" type="stmt"/>
      <line num="16" count="0" type="stmt"/>
      <line num="17" count="0" type="stmt"/>
      <line num="18" count="0" type="stmt"/>
      <line num="24" count="0" type="stmt"/>
      <line num="25" count="0" type="stmt"/>
      <line num="26" count="0" type="stmt"/>
      <line num="28" count="0" type="stmt"/>
      <line num="29" count="0" type="stmt"/>
      <line num="32" count="0" type="stmt"/>
      <line num="34" count="0" type="stmt"/>
      <line num="36" count="0" type="stmt"/>
      <line num="37" count="0" type="stmt"/>
      <line num="40" count="0" type="stmt"/>
      <line num="41" count="0" type="stmt"/>
      <line num="44" count="0" type="stmt"/>
      <line num="46" count="0" type="stmt"/>
      <line num="47" count="0" type="cond" truecount="0" falsecount="2"/>
      <line num="48" count="0" type="stmt"/>
      <line num="53" count="0" type="cond" truecount="0" falsecount="2"/>
      <line num="54" count="0" type="stmt"/>
      <line num="55" count="0" type="stmt"/>
      <line num="58" count="0" type="stmt"/>
      <line num="59" count="0" type="stmt"/>
      <line num="61" count="0" type="cond" truecount="0" falsecount="2"/>
      <line num="62" count="0" type="stmt"/>
      <line num="64" count="0" type="stmt"/>
      <line num="65" count="0" type="stmt"/>
      <line num="66" count="0" type="stmt"/>
      <line num="70" count="0" type="stmt"/>
      <line num="71" count="0" type="stmt"/>
      <line num="74" count="0" type="stmt"/>
      <line num="78" count="0" type="cond" truecount="0" falsecount="2"/>
      <line num="79" count="0" type="stmt"/>
      <line num="83" count="0" type="stmt"/>
      <line num="91" count="0" type="stmt"/>
      <line num="97" count="0" type="stmt"/>
      <line num="100" count="0" type="stmt"/>
      <line num="103" count="0" type="stmt"/>
      <line num="104" count="0" type="stmt"/>
      <line num="107" count="0" type="stmt"/>
      <line num="110" count="0" type="stmt"/>
      <line num="112" count="0" type="stmt"/>
      <line num="113" count="0" type="stmt"/>
      <line num="114" count="0" type="stmt"/>
      <line num="115" count="0" type="stmt"/>
      <line num="116" count="0" type="stmt"/>
      <line num="119" count="0" type="stmt"/>
      <line num="120" count="0" type="stmt"/>
      <line num="121" count="0" type="stmt"/>
      <line num="122" count="0" type="stmt"/>
      <line num="124" count="0" type="cond" truecount="0" falsecount="2"/>
      <line num="125" count="0" type="stmt"/>
      <line num="126" count="0" type="stmt"/>
      <line num="130" count="0" type="stmt"/>
      <line num="131" count="0" type="cond" truecount="0" falsecount="4"/>
      <line num="133" count="0" type="cond" truecount="0" falsecount="2"/>
      <line num="134" count="0" type="stmt"/>
      <line num="135" count="0" type="stmt"/>
      <line num="136" count="0" type="stmt"/>
      <line num="140" count="0" type="cond" truecount="0" falsecount="2"/>
      <line num="141" count="0" type="stmt"/>
      <line num="142" count="0" type="stmt"/>
      <line num="143" count="0" type="stmt"/>
      <line num="147" count="0" type="stmt"/>
      <line num="155" count="0" type="stmt"/>
      <line num="161" count="0" type="stmt"/>
      <line num="164" count="0" type="stmt"/>
      <line num="167" count="0" type="stmt"/>
      <line num="168" count="0" type="stmt"/>
      <line num="171" count="0" type="stmt"/>
      <line num="174" count="0" type="stmt"/>
      <line num="176" count="0" type="stmt"/>
      <line num="177" count="0" type="stmt"/>
      <line num="178" count="0" type="stmt"/>
      <line num="179" count="0" type="stmt"/>
      <line num="180" count="0" type="stmt"/>
      <line num="183" count="0" type="stmt"/>
      <line num="184" count="0" type="stmt"/>
      <line num="185" count="0" type="stmt"/>
      <line num="186" count="0" type="stmt"/>
      <line num="188" count="0" type="cond" truecount="0" falsecount="2"/>
      <line num="189" count="0" type="stmt"/>
      <line num="190" count="0" type="stmt"/>
      <line num="194" count="0" type="stmt"/>
      <line num="195" count="0" type="cond" truecount="0" falsecount="4"/>
      <line num="197" count="0" type="cond" truecount="0" falsecount="2"/>
      <line num="198" count="0" type="stmt"/>
      <line num="199" count="0" type="stmt"/>
      <line num="200" count="0" type="stmt"/>
      <line num="204" count="0" type="cond" truecount="0" falsecount="2"/>
      <line num="205" count="0" type="stmt"/>
      <line num="206" count="0" type="stmt"/>
      <line num="207" count="0" type="stmt"/>
      <line num="211" count="0" type="stmt"/>
      <line num="219" count="0" type="stmt"/>
      <line num="227" count="0" type="cond" truecount="0" falsecount="2"/>
      <line num="228" count="0" type="stmt"/>
      <line num="231" count="0" type="stmt"/>
      <line num="232" count="0" type="stmt"/>
      <line num="234" count="0" type="stmt"/>
      <line num="236" count="0" type="stmt"/>
      <line num="237" count="0" type="stmt"/>
      <line num="240" count="0" type="stmt"/>
      <line num="241" count="0" type="stmt"/>
      <line num="244" count="0" type="cond" truecount="0" falsecount="4"/>
      <line num="245" count="0" type="stmt"/>
      <line num="247" count="0" type="stmt"/>
      <line num="248" count="0" type="stmt"/>
      <line num="250" count="0" type="cond" truecount="0" falsecount="2"/>
      <line num="251" count="0" type="stmt"/>
      <line num="252" count="0" type="stmt"/>
      <line num="257" count="0" type="stmt"/>
      <line num="258" count="0" type="cond" truecount="0" falsecount="2"/>
      <line num="262" count="0" type="stmt"/>
      <line num="270" count="0" type="stmt"/>
      <line num="281" count="0" type="cond" truecount="0" falsecount="2"/>
      <line num="283" count="0" type="stmt"/>
      <line num="285" count="0" type="stmt"/>
      <line num="286" count="0" type="cond" truecount="0" falsecount="2"/>
      <line num="287" count="0" type="stmt"/>
      <line num="288" count="0" type="stmt"/>
      <line num="289" count="0" type="stmt"/>
      <line num="290" count="0" type="stmt"/>
      <line num="291" count="0" type="stmt"/>
      <line num="292" count="0" type="stmt"/>
      <line num="293" count="0" type="stmt"/>
      <line num="294" count="0" type="stmt"/>
      <line num="295" count="0" type="stmt"/>
      <line num="298" count="0" type="stmt"/>
      <line num="301" count="0" type="stmt"/>
      <line num="302" count="0" type="cond" truecount="0" falsecount="2"/>
      <line num="303" count="0" type="stmt"/>
      <line num="304" count="0" type="stmt"/>
      <line num="305" count="0" type="stmt"/>
      <line num="306" count="0" type="stmt"/>
      <line num="308" count="0" type="cond" truecount="0" falsecount="2"/>
      <line num="309" count="0" type="stmt"/>
      <line num="314" count="0" type="cond" truecount="0" falsecount="2"/>
      <line num="325" count="0" type="cond" truecount="0" falsecount="2"/>
      <line num="334" count="0" type="stmt"/>
      <line num="338" count="0" type="stmt"/>
      <line num="340" count="0" type="cond" truecount="0" falsecount="2"/>
      <line num="341" count="0" type="cond" truecount="0" falsecount="2"/>
      <line num="342" count="0" type="stmt"/>
      <line num="344" count="0" type="stmt"/>
      <line num="345" count="0" type="stmt"/>
      <line num="346" count="0" type="stmt"/>
      <line num="348" count="0" type="cond" truecount="0" falsecount="2"/>
      <line num="349" count="0" type="stmt"/>
      <line num="350" count="0" type="stmt"/>
      <line num="356" count="0" type="cond" truecount="0" falsecount="2"/>
      <line num="357" count="0" type="cond" truecount="0" falsecount="2"/>
      <line num="358" count="0" type="stmt"/>
      <line num="359" count="0" type="stmt"/>
      <line num="363" count="0" type="stmt"/>
      <line num="371" count="0" type="stmt"/>
      <line num="375" count="0" type="cond" truecount="0" falsecount="2"/>
      <line num="376" count="0" type="stmt"/>
      <line num="378" count="0" type="stmt"/>
      <line num="383" count="0" type="cond" truecount="0" falsecount="1"/>
      <line num="384" count="0" type="stmt"/>
      <line num="385" count="0" type="stmt"/>
      <line num="386" count="0" type="stmt"/>
      <line num="387" count="0" type="cond" truecount="0" falsecount="1"/>
      <line num="388" count="0" type="stmt"/>
      <line num="389" count="0" type="stmt"/>
      <line num="390" count="0" type="stmt"/>
      <line num="391" count="0" type="stmt"/>
      <line num="392" count="0" type="stmt"/>
      <line num="394" count="0" type="stmt"/>
      <line num="395" count="0" type="cond" truecount="0" falsecount="2"/>
      <line num="396" count="0" type="stmt"/>
      <line num="399" count="0" type="stmt"/>
      <line num="402" count="0" type="stmt"/>
      <line num="403" count="0" type="cond" truecount="0" falsecount="2"/>
      <line num="404" count="0" type="stmt"/>
      <line num="407" count="0" type="stmt"/>
      <line num="411" count="0" type="cond" truecount="0" falsecount="2"/>
      <line num="412" count="0" type="stmt"/>
      <line num="415" count="0" type="cond" truecount="0" falsecount="2"/>
      <line num="416" count="0" type="stmt"/>
      <line num="421" count="0" type="cond" truecount="0" falsecount="2"/>
      <line num="422" count="0" type="stmt"/>
      <line num="430" count="0" type="stmt"/>
      <line num="431" count="0" type="cond" truecount="0" falsecount="6"/>
      <line num="432" count="0" type="stmt"/>
      <line num="435" count="0" type="cond" truecount="0" falsecount="6"/>
      <line num="436" count="0" type="stmt"/>
      <line num="439" count="0" type="cond" truecount="0" falsecount="6"/>
      <line num="440" count="0" type="stmt"/>
      <line num="443" count="0" type="cond" truecount="0" falsecount="6"/>
      <line num="444" count="0" type="stmt"/>
      <line num="448" count="0" type="stmt"/>
      <line num="450" count="0" type="stmt"/>
      <line num="451" count="0" type="cond" truecount="0" falsecount="5"/>
      <line num="455" count="0" type="cond" truecount="0" falsecount="2"/>
      <line num="456" count="0" type="stmt"/>
      <line num="457" count="0" type="stmt"/>
      <line num="461" count="0" type="stmt"/>
      <line num="462" count="0" type="stmt"/>
      <line num="463" count="0" type="stmt"/>
      <line num="467" count="0" type="cond" truecount="0" falsecount="2"/>
      <line num="468" count="0" type="stmt"/>
      <line num="469" count="0" type="stmt"/>
      <line num="473" count="0" type="stmt"/>
      <line num="474" count="0" type="stmt"/>
      <line num="475" count="0" type="stmt"/>
      <line num="478" count="0" type="stmt"/>
      <line num="479" count="0" type="cond" truecount="0" falsecount="2"/>
      <line num="480" count="0" type="cond" truecount="0" falsecount="2"/>
      <line num="481" count="0" type="cond" truecount="0" falsecount="2"/>
      <line num="482" count="0" type="cond" truecount="0" falsecount="2"/>
      <line num="483" count="0" type="cond" truecount="0" falsecount="2"/>
      <line num="486" count="0" type="stmt"/>
      <line num="503" count="0" type="stmt"/>
      <line num="504" count="0" type="cond" truecount="0" falsecount="2"/>
      <line num="505" count="0" type="cond" truecount="0" falsecount="2"/>
      <line num="506" count="0" type="cond" truecount="0" falsecount="2"/>
      <line num="507" count="0" type="cond" truecount="0" falsecount="2"/>
      <line num="508" count="0" type="cond" truecount="0" falsecount="2"/>
      <line num="509" count="0" type="cond" truecount="0" falsecount="2"/>
      <line num="510" count="0" type="cond" truecount="0" falsecount="2"/>
      <line num="513" count="0" type="cond" truecount="0" falsecount="4"/>
      <line num="514" count="0" type="stmt"/>
      <line num="517" count="0" type="stmt"/>
      <line num="534" count="0" type="stmt"/>
      <line num="536" count="0" type="stmt"/>
      <line num="552" count="0" type="stmt"/>
      <line num="561" count="0" type="stmt"/>
      <line num="565" count="0" type="stmt"/>
      <line num="566" count="0" type="stmt"/>
      <line num="570" count="0" type="stmt"/>
      <line num="574" count="0" type="stmt"/>
      <line num="575" count="0" type="stmt"/>
      <line num="579" count="0" type="stmt"/>
      <line num="583" count="0" type="stmt"/>
      <line num="584" count="0" type="stmt"/>
      <line num="588" count="0" type="stmt"/>
      <line num="592" count="0" type="stmt"/>
      <line num="593" count="0" type="stmt"/>
      <line num="597" count="0" type="stmt"/>
      <line num="601" count="0" type="stmt"/>
      <line num="602" count="0" type="stmt"/>
      <line num="606" count="0" type="stmt"/>
    </file>
    <file name="Piece.svelte" path="/Users/jayram/projects/svelte-chess-pgn/src/lib/Piece.svelte">
      <metrics statements="48" coveredstatements="0" conditionals="29" coveredconditionals="0" methods="16" coveredmethods="0"/>
      <line num="4" count="0" type="stmt"/>
      <line num="5" count="0" type="stmt"/>
      <line num="8" count="0" type="stmt"/>
      <line num="16" count="0" type="stmt"/>
      <line num="18" count="0" type="stmt"/>
      <line num="19" count="0" type="stmt"/>
      <line num="20" count="0" type="cond" truecount="0" falsecount="2"/>
      <line num="21" count="0" type="stmt"/>
      <line num="22" count="0" type="stmt"/>
      <line num="23" count="0" type="stmt"/>
      <line num="24" count="0" type="stmt"/>
      <line num="25" count="0" type="stmt"/>
      <line num="28" count="0" type="stmt"/>
      <line num="31" count="0" type="stmt"/>
      <line num="32" count="0" type="stmt"/>
      <line num="35" count="0" type="cond" truecount="0" falsecount="4"/>
      <line num="36" count="0" type="stmt"/>
      <line num="39" count="0" type="cond" truecount="0" falsecount="2"/>
      <line num="40" count="0" type="stmt"/>
      <line num="46" count="0" type="cond" truecount="0" falsecount="2"/>
      <line num="50" count="0" type="stmt"/>
      <line num="58" count="0" type="stmt"/>
      <line num="63" count="0" type="cond" truecount="0" falsecount="1"/>
      <line num="64" count="0" type="stmt"/>
      <line num="65" count="0" type="cond" truecount="0" falsecount="1"/>
      <line num="67" count="0" type="stmt"/>
      <line num="83" count="0" type="stmt"/>
      <line num="85" count="0" type="stmt"/>
      <line num="86" count="0" type="cond" truecount="0" falsecount="5"/>
      <line num="89" count="0" type="stmt"/>
      <line num="90" count="0" type="cond" truecount="0" falsecount="2"/>
      <line num="93" count="0" type="stmt"/>
      <line num="95" count="0" type="stmt"/>
      <line num="96" count="0" type="cond" truecount="0" falsecount="2"/>
      <line num="97" count="0" type="cond" truecount="0" falsecount="2"/>
      <line num="100" count="0" type="cond" truecount="0" falsecount="4"/>
      <line num="101" count="0" type="stmt"/>
      <line num="104" count="0" type="stmt"/>
      <line num="105" count="0" type="cond" truecount="0" falsecount="2"/>
      <line num="107" count="0" type="stmt"/>
      <line num="111" count="0" type="stmt"/>
      <line num="116" count="0" type="stmt"/>
      <line num="117" count="0" type="stmt"/>
      <line num="119" count="0" type="stmt"/>
      <line num="128" count="0" type="stmt"/>
      <line num="132" count="0" type="stmt"/>
      <line num="133" count="0" type="stmt"/>
      <line num="137" count="0" type="stmt"/>
    </file>
    <file name="index.js" path="/Users/jayram/projects/svelte-chess-pgn/src/lib/index.js">
      <metrics statements="1" coveredstatements="0" conditionals="0" coveredconditionals="0" methods="0" coveredmethods="0"/>
      <line num="5" count="0" type="stmt"/>
    </file>
    <file name="main.js" path="/Users/jayram/projects/svelte-chess-pgn/src/lib/main.js">
      <metrics statements="1" coveredstatements="0" conditionals="0" coveredconditionals="0" methods="0" coveredmethods="0"/>
      <line num="3" count="0" type="stmt"/>
    </file>
  </project>
</coverage>
