{"/Users/jayram/projects/svelte-chess-pgn/src/lib/App.svelte": {"path":"/Users/jayram/projects/svelte-chess-pgn/src/lib/App.svelte","statementMap":{"0":{"start":{"line":4,"column":174},"end":{"line":4,"column":200}},"1":{"start":{"line":5,"column":27},"end":{"line":5,"column":52}},"2":{"start":{"line":6,"column":13},"end":{"line":6,"column":25}},"3":{"start":{"line":12,"column":1},"end":{"line":24,"column":5}},"4":{"start":{"line":26,"column":15},"end":{"line":50,"column":2}},"5":{"start":{"line":28,"column":3},"end":{"line":28,"column":39}},"6":{"start":{"line":31,"column":3},"end":{"line":31,"column":114}},"7":{"start":{"line":34,"column":3},"end":{"line":34,"column":42}},"8":{"start":{"line":35,"column":3},"end":{"line":35,"column":18}},"9":{"start":{"line":39,"column":3},"end":{"line":39,"column":23}},"10":{"start":{"line":39,"column":16},"end":{"line":39,"column":23}},"11":{"start":{"line":40,"column":3},"end":{"line":40,"column":43}},"12":{"start":{"line":41,"column":3},"end":{"line":41,"column":18}},"13":{"start":{"line":44,"column":3},"end":{"line":44,"column":44}},"14":{"start":{"line":45,"column":3},"end":{"line":45,"column":19}},"15":{"start":{"line":48,"column":3},"end":{"line":48,"column":39}},"16":{"start":{"line":52,"column":1},"end":{"line":58,"column":4}},"17":{"start":{"line":60,"column":1},"end":{"line":60,"column":14}},"18":{"start":{"line":64,"column":40},"end":{"line":64,"column":47}},"19":{"start":{"line":65,"column":1},"end":{"line":65,"column":34}},"20":{"start":{"line":66,"column":24},"end":{"line":66,"column":26}},"21":{"start":{"line":68,"column":1},"end":{"line":70,"column":4}},"22":{"start":{"line":69,"column":2},"end":{"line":69,"column":144}},"23":{"start":{"line":69,"column":83},"end":{"line":69,"column":144}},"24":{"start":{"line":72,"column":1},"end":{"line":72,"column":43}},"25":{"start":{"line":72,"column":32},"end":{"line":72,"column":41}},"26":{"start":{"line":73,"column":1},"end":{"line":73,"column":11}},"27":{"start":{"line":78,"column":2},"end":{"line":78,"column":17}},"28":{"start":{"line":79,"column":2},"end":{"line":79,"column":69}},"29":{"start":{"line":81,"column":2},"end":{"line":86,"column":5}},"30":{"start":{"line":90,"column":0},"end":{"line":90,"column":22}},"31":{"start":{"line":90,"column":22},"end":{"line":90,"column":84}}},"fnMap":{"0":{"name":"create_fragment","decl":{"start":{"line":8,"column":9},"end":{"line":8,"column":24}},"loc":{"start":{"line":8,"column":30},"end":{"line":61,"column":1}},"line":8},"1":{"name":"create","decl":{"start":{"line":27,"column":14},"end":{"line":27,"column":20}},"loc":{"start":{"line":27,"column":23},"end":{"line":29,"column":3}},"line":27},"2":{"name":"claim","decl":{"start":{"line":30,"column":14},"end":{"line":30,"column":19}},"loc":{"start":{"line":30,"column":27},"end":{"line":32,"column":3}},"line":30},"3":{"name":"mount","decl":{"start":{"line":33,"column":14},"end":{"line":33,"column":19}},"loc":{"start":{"line":33,"column":36},"end":{"line":36,"column":3}},"line":33},"4":{"name":"intro","decl":{"start":{"line":38,"column":14},"end":{"line":38,"column":19}},"loc":{"start":{"line":38,"column":27},"end":{"line":42,"column":3}},"line":38},"5":{"name":"outro","decl":{"start":{"line":43,"column":14},"end":{"line":43,"column":19}},"loc":{"start":{"line":43,"column":27},"end":{"line":46,"column":3}},"line":43},"6":{"name":"destroy","decl":{"start":{"line":47,"column":14},"end":{"line":47,"column":21}},"loc":{"start":{"line":47,"column":33},"end":{"line":49,"column":3}},"line":47},"7":{"name":"instance","decl":{"start":{"line":63,"column":9},"end":{"line":63,"column":17}},"loc":{"start":{"line":63,"column":49},"end":{"line":74,"column":1}},"line":63},"8":{"name":"(anonymous_8)","decl":{"start":{"line":68,"column":30},"end":{"line":68,"column":31}},"loc":{"start":{"line":68,"column":37},"end":{"line":70,"column":2}},"line":68},"9":{"name":"(anonymous_9)","decl":{"start":{"line":72,"column":25},"end":{"line":72,"column":26}},"loc":{"start":{"line":72,"column":32},"end":{"line":72,"column":41}},"line":72},"10":{"name":"(anonymous_10)","decl":{"start":{"line":77,"column":1},"end":{"line":77,"column":2}},"loc":{"start":{"line":77,"column":22},"end":{"line":87,"column":2}},"line":77}},"branchMap":{"0":{"loc":{"start":{"line":39,"column":3},"end":{"line":39,"column":23}},"type":"if","locations":[{"start":{"line":39,"column":3},"end":{"line":39,"column":23}},{"start":{},"end":{}}],"line":39},"1":{"loc":{"start":{"line":64,"column":16},"end":{"line":64,"column":26}},"type":"default-arg","locations":[{"start":{"line":64,"column":24},"end":{"line":64,"column":26}}],"line":64},"2":{"loc":{"start":{"line":69,"column":2},"end":{"line":69,"column":144}},"type":"if","locations":[{"start":{"line":69,"column":2},"end":{"line":69,"column":144}},{"start":{},"end":{}}],"line":69},"3":{"loc":{"start":{"line":69,"column":6},"end":{"line":69,"column":81}},"type":"binary-expr","locations":[{"start":{"line":69,"column":6},"end":{"line":69,"column":35}},{"start":{"line":69,"column":39},"end":{"line":69,"column":63}},{"start":{"line":69,"column":67},"end":{"line":69,"column":81}}],"line":69}},"s":{"0":0,"1":0,"2":0,"3":0,"4":0,"5":0,"6":0,"7":0,"8":0,"9":0,"10":0,"11":0,"12":0,"13":0,"14":0,"15":0,"16":0,"17":0,"18":0,"19":0,"20":0,"21":0,"22":0,"23":0,"24":0,"25":0,"26":0,"27":0,"28":0,"29":0,"30":0,"31":0},"f":{"0":0,"1":0,"2":0,"3":0,"4":0,"5":0,"6":0,"7":0,"8":0,"9":0,"10":0},"b":{"0":[0,0],"1":[0],"2":[0,0],"3":[0,0,0]},"inputSourceMap":{"0":"{","1":"\"","2":"v","3":"e","4":"r","5":"s","6":"i","7":"o","8":"n","9":"\"","10":":","11":"3","12":",","13":"\"","14":"m","15":"a","16":"p","17":"p","18":"i","19":"n","20":"g","21":"s","22":"\"","23":":","24":"\"","25":";","26":";","27":";","28":";","29":"i","30":"B","31":"A","32":"C","33":"Q","34":",","35":"K","36":"A","37":"A","38":"K","39":";","40":";","41":";","42":";","43":";","44":";","45":";","46":";","47":";","48":";","49":";","50":";","51":";","52":";","53":";","54":";","55":";","56":";","57":";","58":";","59":";","60":";","61":";","62":";","63":";","64":";","65":";","66":";","67":";","68":";","69":";","70":";","71":";","72":";","73":";","74":";","75":";","76":";","77":";","78":";","79":";","80":";","81":";","82":";","83":";","84":";","85":";","86":";","87":";","88":";","89":";","90":";","91":";","92":";","93":";","94":";","95":";","96":";","97":";","98":";","99":";","100":";","101":";","102":";","103":";","104":";","105":";","106":";","107":";","108":";","109":";","110":";","111":";","112":";","113":";","114":";","115":";","116":";","117":";","118":";","119":";","120":";","121":";","122":";","123":";","124":"\"","125":",","126":"\"","127":"n","128":"a","129":"m","130":"e","131":"s","132":"\"","133":":","134":"[","135":"]","136":",","137":"\"","138":"s","139":"o","140":"u","141":"r","142":"c","143":"e","144":"s","145":"\"","146":":","147":"[","148":"\"","149":"A","150":"p","151":"p","152":".","153":"s","154":"v","155":"e","156":"l","157":"t","158":"e","159":"\"","160":"]","161":"}"}}
,"/Users/jayram/projects/svelte-chess-pgn/src/lib/Board.svelte": {"path":"/Users/jayram/projects/svelte-chess-pgn/src/lib/Board.svelte","statementMap":{"0":{"start":{"line":4,"column":477},"end":{"line":4,"column":503}},"1":{"start":{"line":5,"column":31},"end":{"line":5,"column":38}},"2":{"start":{"line":6,"column":32},"end":{"line":6,"column":62}},"3":{"start":{"line":7,"column":27},"end":{"line":7,"column":52}},"4":{"start":{"line":8,"column":21},"end":{"line":8,"column":44}},"5":{"start":{"line":9,"column":31},"end":{"line":9,"column":48}},"6":{"start":{"line":10,"column":17},"end":{"line":10,"column":42}},"7":{"start":{"line":11,"column":13},"end":{"line":11,"column":27}},"8":{"start":{"line":14,"column":1},"end":{"line":14,"column":1618}},"9":{"start":{"line":18,"column":19},"end":{"line":18,"column":30}},"10":{"start":{"line":19,"column":1},"end":{"line":19,"column":25}},"11":{"start":{"line":20,"column":1},"end":{"line":20,"column":19}},"12":{"start":{"line":21,"column":1},"end":{"line":21,"column":18}},"13":{"start":{"line":25,"column":19},"end":{"line":25,"column":30}},"14":{"start":{"line":26,"column":1},"end":{"line":26,"column":25}},"15":{"start":{"line":27,"column":1},"end":{"line":27,"column":19}},"16":{"start":{"line":28,"column":1},"end":{"line":28,"column":18}},"17":{"start":{"line":43,"column":15},"end":{"line":103,"column":2}},"18":{"start":{"line":45,"column":3},"end":{"line":45,"column":29}},"19":{"start":{"line":46,"column":3},"end":{"line":46,"column":16}},"20":{"start":{"line":47,"column":3},"end":{"line":47,"column":31}},"21":{"start":{"line":48,"column":3},"end":{"line":48,"column":36}},"22":{"start":{"line":49,"column":3},"end":{"line":49,"column":16}},"23":{"start":{"line":50,"column":3},"end":{"line":50,"column":29}},"24":{"start":{"line":51,"column":3},"end":{"line":51,"column":16}},"25":{"start":{"line":52,"column":3},"end":{"line":52,"column":31}},"26":{"start":{"line":53,"column":3},"end":{"line":53,"column":36}},"27":{"start":{"line":54,"column":3},"end":{"line":54,"column":48}},"28":{"start":{"line":55,"column":3},"end":{"line":55,"column":44}},"29":{"start":{"line":56,"column":3},"end":{"line":56,"column":45}},"30":{"start":{"line":57,"column":3},"end":{"line":57,"column":48}},"31":{"start":{"line":58,"column":3},"end":{"line":58,"column":44}},"32":{"start":{"line":59,"column":3},"end":{"line":59,"column":45}},"33":{"start":{"line":62,"column":3},"end":{"line":62,"column":38}},"34":{"start":{"line":63,"column":3},"end":{"line":63,"column":43}},"35":{"start":{"line":64,"column":3},"end":{"line":64,"column":34}},"36":{"start":{"line":65,"column":3},"end":{"line":65,"column":39}},"37":{"start":{"line":66,"column":3},"end":{"line":66,"column":34}},"38":{"start":{"line":67,"column":3},"end":{"line":67,"column":38}},"39":{"start":{"line":68,"column":3},"end":{"line":68,"column":43}},"40":{"start":{"line":69,"column":3},"end":{"line":69,"column":34}},"41":{"start":{"line":70,"column":3},"end":{"line":70,"column":39}},"42":{"start":{"line":72,"column":3},"end":{"line":81,"column":4}},"43":{"start":{"line":73,"column":4},"end":{"line":78,"column":6}},"44":{"start":{"line":80,"column":4},"end":{"line":80,"column":19}},"45":{"start":{"line":84,"column":3},"end":{"line":86,"column":4}},"46":{"start":{"line":85,"column":4},"end":{"line":85,"column":44}},"47":{"start":{"line":88,"column":3},"end":{"line":90,"column":4}},"48":{"start":{"line":89,"column":4},"end":{"line":89,"column":44}},"49":{"start":{"line":93,"column":3},"end":{"line":93,"column":37}},"50":{"start":{"line":93,"column":18},"end":{"line":93,"column":37}},"51":{"start":{"line":94,"column":3},"end":{"line":94,"column":33}},"52":{"start":{"line":94,"column":18},"end":{"line":94,"column":33}},"53":{"start":{"line":95,"column":3},"end":{"line":95,"column":38}},"54":{"start":{"line":95,"column":18},"end":{"line":95,"column":38}},"55":{"start":{"line":96,"column":3},"end":{"line":96,"column":33}},"56":{"start":{"line":96,"column":18},"end":{"line":96,"column":33}},"57":{"start":{"line":97,"column":3},"end":{"line":97,"column":37}},"58":{"start":{"line":97,"column":18},"end":{"line":97,"column":37}},"59":{"start":{"line":98,"column":3},"end":{"line":98,"column":33}},"60":{"start":{"line":98,"column":18},"end":{"line":98,"column":33}},"61":{"start":{"line":99,"column":3},"end":{"line":99,"column":38}},"62":{"start":{"line":99,"column":18},"end":{"line":99,"column":38}},"63":{"start":{"line":100,"column":3},"end":{"line":100,"column":19}},"64":{"start":{"line":101,"column":3},"end":{"line":101,"column":20}},"65":{"start":{"line":105,"column":1},"end":{"line":111,"column":4}},"66":{"start":{"line":113,"column":1},"end":{"line":113,"column":14}},"67":{"start":{"line":127,"column":1},"end":{"line":132,"column":5}},"68":{"start":{"line":134,"column":15},"end":{"line":186,"column":2}},"69":{"start":{"line":136,"column":3},"end":{"line":136,"column":24}},"70":{"start":{"line":137,"column":3},"end":{"line":137,"column":39}},"71":{"start":{"line":138,"column":3},"end":{"line":138,"column":15}},"72":{"start":{"line":140,"column":3},"end":{"line":142,"column":34}},"73":{"start":{"line":144,"column":3},"end":{"line":144,"column":112}},"74":{"start":{"line":145,"column":3},"end":{"line":145,"column":146}},"75":{"start":{"line":146,"column":3},"end":{"line":146,"column":41}},"76":{"start":{"line":149,"column":3},"end":{"line":149,"column":35}},"77":{"start":{"line":150,"column":3},"end":{"line":150,"column":37}},"78":{"start":{"line":151,"column":3},"end":{"line":151,"column":22}},"79":{"start":{"line":152,"column":3},"end":{"line":152,"column":18}},"80":{"start":{"line":155,"column":25},"end":{"line":155,"column":27}},"81":{"start":{"line":156,"column":3},"end":{"line":156,"column":111}},"82":{"start":{"line":156,"column":34},"end":{"line":156,"column":111}},"83":{"start":{"line":157,"column":3},"end":{"line":157,"column":29}},"84":{"start":{"line":159,"column":3},"end":{"line":161,"column":4}},"85":{"start":{"line":160,"column":4},"end":{"line":160,"column":40}},"86":{"start":{"line":164,"column":3},"end":{"line":164,"column":23}},"87":{"start":{"line":164,"column":16},"end":{"line":164,"column":23}},"88":{"start":{"line":165,"column":3},"end":{"line":165,"column":43}},"89":{"start":{"line":167,"column":3},"end":{"line":171,"column":6}},"90":{"start":{"line":168,"column":4},"end":{"line":168,"column":25}},"91":{"start":{"line":168,"column":18},"end":{"line":168,"column":25}},"92":{"start":{"line":169,"column":4},"end":{"line":169,"column":111}},"93":{"start":{"line":169,"column":25},"end":{"line":169,"column":111}},"94":{"start":{"line":170,"column":4},"end":{"line":170,"column":26}},"95":{"start":{"line":173,"column":3},"end":{"line":173,"column":18}},"96":{"start":{"line":176,"column":3},"end":{"line":176,"column":44}},"97":{"start":{"line":177,"column":3},"end":{"line":177,"column":111}},"98":{"start":{"line":177,"column":24},"end":{"line":177,"column":111}},"99":{"start":{"line":178,"column":3},"end":{"line":178,"column":25}},"100":{"start":{"line":179,"column":3},"end":{"line":179,"column":19}},"101":{"start":{"line":182,"column":3},"end":{"line":182,"column":34}},"102":{"start":{"line":182,"column":18},"end":{"line":182,"column":34}},"103":{"start":{"line":183,"column":3},"end":{"line":183,"column":28}},"104":{"start":{"line":184,"column":3},"end":{"line":184,"column":57}},"105":{"start":{"line":184,"column":36},"end":{"line":184,"column":57}},"106":{"start":{"line":188,"column":1},"end":{"line":194,"column":4}},"107":{"start":{"line":196,"column":1},"end":{"line":196,"column":14}},"108":{"start":{"line":203,"column":32},"end":{"line":203,"column":38}},"109":{"start":{"line":204,"column":1},"end":{"line":204,"column":38}},"110":{"start":{"line":205,"column":19},"end":{"line":205,"column":21}},"111":{"start":{"line":207,"column":1},"end":{"line":209,"column":2}},"112":{"start":{"line":207,"column":14},"end":{"line":207,"column":15}},"113":{"start":{"line":208,"column":2},"end":{"line":208,"column":81}},"114":{"start":{"line":211,"column":13},"end":{"line":213,"column":3}},"115":{"start":{"line":211,"column":18},"end":{"line":213,"column":3}},"116":{"start":{"line":212,"column":2},"end":{"line":212,"column":24}},"117":{"start":{"line":215,"column":15},"end":{"line":284,"column":2}},"118":{"start":{"line":217,"column":3},"end":{"line":219,"column":4}},"119":{"start":{"line":217,"column":16},"end":{"line":217,"column":17}},"120":{"start":{"line":218,"column":4},"end":{"line":218,"column":23}},"121":{"start":{"line":221,"column":3},"end":{"line":221,"column":27}},"122":{"start":{"line":224,"column":3},"end":{"line":228,"column":4}},"123":{"start":{"line":224,"column":16},"end":{"line":224,"column":17}},"124":{"start":{"line":225,"column":4},"end":{"line":227,"column":5}},"125":{"start":{"line":226,"column":5},"end":{"line":226,"column":38}},"126":{"start":{"line":230,"column":3},"end":{"line":230,"column":45}},"127":{"start":{"line":231,"column":3},"end":{"line":231,"column":18}},"128":{"start":{"line":234,"column":3},"end":{"line":260,"column":4}},"129":{"start":{"line":235,"column":4},"end":{"line":235,"column":38}},"130":{"start":{"line":236,"column":4},"end":{"line":236,"column":41}},"131":{"start":{"line":239,"column":4},"end":{"line":251,"column":5}},"132":{"start":{"line":240,"column":23},"end":{"line":240,"column":63}},"133":{"start":{"line":242,"column":5},"end":{"line":250,"column":6}},"134":{"start":{"line":243,"column":6},"end":{"line":243,"column":41}},"135":{"start":{"line":244,"column":6},"end":{"line":244,"column":39}},"136":{"start":{"line":246,"column":6},"end":{"line":246,"column":54}},"137":{"start":{"line":247,"column":6},"end":{"line":247,"column":25}},"138":{"start":{"line":248,"column":6},"end":{"line":248,"column":39}},"139":{"start":{"line":249,"column":6},"end":{"line":249,"column":64}},"140":{"start":{"line":253,"column":4},"end":{"line":253,"column":19}},"141":{"start":{"line":255,"column":4},"end":{"line":257,"column":5}},"142":{"start":{"line":256,"column":5},"end":{"line":256,"column":12}},"143":{"start":{"line":259,"column":4},"end":{"line":259,"column":19}},"144":{"start":{"line":263,"column":3},"end":{"line":263,"column":23}},"145":{"start":{"line":263,"column":16},"end":{"line":263,"column":23}},"146":{"start":{"line":265,"column":3},"end":{"line":267,"column":4}},"147":{"start":{"line":265,"column":16},"end":{"line":265,"column":17}},"148":{"start":{"line":266,"column":4},"end":{"line":266,"column":34}},"149":{"start":{"line":269,"column":3},"end":{"line":269,"column":18}},"150":{"start":{"line":272,"column":3},"end":{"line":272,"column":45}},"151":{"start":{"line":274,"column":3},"end":{"line":276,"column":4}},"152":{"start":{"line":274,"column":16},"end":{"line":274,"column":17}},"153":{"start":{"line":275,"column":4},"end":{"line":275,"column":35}},"154":{"start":{"line":278,"column":3},"end":{"line":278,"column":19}},"155":{"start":{"line":281,"column":3},"end":{"line":281,"column":40}},"156":{"start":{"line":282,"column":3},"end":{"line":282,"column":44}},"157":{"start":{"line":282,"column":18},"end":{"line":282,"column":44}},"158":{"start":{"line":286,"column":1},"end":{"line":292,"column":4}},"159":{"start":{"line":294,"column":1},"end":{"line":294,"column":14}},"160":{"start":{"line":305,"column":26},"end":{"line":305,"column":56}},"161":{"start":{"line":306,"column":30},"end":{"line":306,"column":36}},"162":{"start":{"line":307,"column":1},"end":{"line":307,"column":36}},"163":{"start":{"line":308,"column":19},"end":{"line":308,"column":21}},"164":{"start":{"line":310,"column":1},"end":{"line":312,"column":2}},"165":{"start":{"line":310,"column":14},"end":{"line":310,"column":15}},"166":{"start":{"line":311,"column":2},"end":{"line":311,"column":75}},"167":{"start":{"line":314,"column":13},"end":{"line":316,"column":3}},"168":{"start":{"line":314,"column":18},"end":{"line":316,"column":3}},"169":{"start":{"line":315,"column":2},"end":{"line":315,"column":24}},"170":{"start":{"line":318,"column":1},"end":{"line":327,"column":5}},"171":{"start":{"line":329,"column":15},"end":{"line":444,"column":2}},"172":{"start":{"line":331,"column":3},"end":{"line":331,"column":30}},"173":{"start":{"line":331,"column":17},"end":{"line":331,"column":30}},"174":{"start":{"line":332,"column":3},"end":{"line":332,"column":16}},"175":{"start":{"line":333,"column":3},"end":{"line":333,"column":25}},"176":{"start":{"line":334,"column":3},"end":{"line":334,"column":25}},"177":{"start":{"line":335,"column":3},"end":{"line":335,"column":25}},"178":{"start":{"line":337,"column":3},"end":{"line":339,"column":4}},"179":{"start":{"line":337,"column":16},"end":{"line":337,"column":17}},"180":{"start":{"line":338,"column":4},"end":{"line":338,"column":23}},"181":{"start":{"line":341,"column":3},"end":{"line":341,"column":16}},"182":{"start":{"line":342,"column":3},"end":{"line":342,"column":44}},"183":{"start":{"line":343,"column":3},"end":{"line":343,"column":50}},"184":{"start":{"line":344,"column":3},"end":{"line":344,"column":42}},"185":{"start":{"line":345,"column":3},"end":{"line":345,"column":58}},"186":{"start":{"line":346,"column":3},"end":{"line":346,"column":42}},"187":{"start":{"line":347,"column":3},"end":{"line":347,"column":60}},"188":{"start":{"line":348,"column":3},"end":{"line":348,"column":42}},"189":{"start":{"line":351,"column":3},"end":{"line":351,"column":114}},"190":{"start":{"line":354,"column":3},"end":{"line":354,"column":44}},"191":{"start":{"line":354,"column":17},"end":{"line":354,"column":44}},"192":{"start":{"line":355,"column":3},"end":{"line":355,"column":34}},"193":{"start":{"line":356,"column":3},"end":{"line":356,"column":36}},"194":{"start":{"line":357,"column":3},"end":{"line":357,"column":26}},"195":{"start":{"line":358,"column":3},"end":{"line":358,"column":26}},"196":{"start":{"line":360,"column":3},"end":{"line":364,"column":4}},"197":{"start":{"line":360,"column":16},"end":{"line":360,"column":17}},"198":{"start":{"line":361,"column":4},"end":{"line":363,"column":5}},"199":{"start":{"line":362,"column":5},"end":{"line":362,"column":34}},"200":{"start":{"line":366,"column":3},"end":{"line":366,"column":24}},"201":{"start":{"line":367,"column":3},"end":{"line":367,"column":43}},"202":{"start":{"line":368,"column":3},"end":{"line":368,"column":18}},"203":{"start":{"line":371,"column":3},"end":{"line":382,"column":4}},"204":{"start":{"line":372,"column":4},"end":{"line":378,"column":5}},"205":{"start":{"line":373,"column":5},"end":{"line":373,"column":28}},"206":{"start":{"line":375,"column":5},"end":{"line":375,"column":37}},"207":{"start":{"line":376,"column":5},"end":{"line":376,"column":18}},"208":{"start":{"line":377,"column":5},"end":{"line":377,"column":35}},"209":{"start":{"line":379,"column":10},"end":{"line":382,"column":4}},"210":{"start":{"line":380,"column":4},"end":{"line":380,"column":18}},"211":{"start":{"line":381,"column":4},"end":{"line":381,"column":20}},"212":{"start":{"line":384,"column":3},"end":{"line":410,"column":4}},"213":{"start":{"line":385,"column":4},"end":{"line":385,"column":36}},"214":{"start":{"line":386,"column":4},"end":{"line":386,"column":39}},"215":{"start":{"line":389,"column":4},"end":{"line":401,"column":5}},"216":{"start":{"line":390,"column":23},"end":{"line":390,"column":59}},"217":{"start":{"line":392,"column":5},"end":{"line":400,"column":6}},"218":{"start":{"line":393,"column":6},"end":{"line":393,"column":41}},"219":{"start":{"line":394,"column":6},"end":{"line":394,"column":39}},"220":{"start":{"line":396,"column":6},"end":{"line":396,"column":52}},"221":{"start":{"line":397,"column":6},"end":{"line":397,"column":25}},"222":{"start":{"line":398,"column":6},"end":{"line":398,"column":39}},"223":{"start":{"line":399,"column":6},"end":{"line":399,"column":35}},"224":{"start":{"line":403,"column":4},"end":{"line":403,"column":19}},"225":{"start":{"line":405,"column":4},"end":{"line":407,"column":5}},"226":{"start":{"line":406,"column":5},"end":{"line":406,"column":12}},"227":{"start":{"line":409,"column":4},"end":{"line":409,"column":19}},"228":{"start":{"line":412,"column":30},"end":{"line":412,"column":32}},"229":{"start":{"line":413,"column":3},"end":{"line":413,"column":79}},"230":{"start":{"line":413,"column":31},"end":{"line":413,"column":79}},"231":{"start":{"line":414,"column":3},"end":{"line":414,"column":93}},"232":{"start":{"line":414,"column":35},"end":{"line":414,"column":93}},"233":{"start":{"line":415,"column":3},"end":{"line":415,"column":39}},"234":{"start":{"line":418,"column":3},"end":{"line":418,"column":23}},"235":{"start":{"line":418,"column":16},"end":{"line":418,"column":23}},"236":{"start":{"line":420,"column":3},"end":{"line":422,"column":4}},"237":{"start":{"line":420,"column":16},"end":{"line":420,"column":17}},"238":{"start":{"line":421,"column":4},"end":{"line":421,"column":34}},"239":{"start":{"line":424,"column":3},"end":{"line":424,"column":48}},"240":{"start":{"line":425,"column":3},"end":{"line":425,"column":18}},"241":{"start":{"line":428,"column":3},"end":{"line":428,"column":45}},"242":{"start":{"line":430,"column":3},"end":{"line":432,"column":4}},"243":{"start":{"line":430,"column":16},"end":{"line":430,"column":17}},"244":{"start":{"line":431,"column":4},"end":{"line":431,"column":35}},"245":{"start":{"line":434,"column":3},"end":{"line":434,"column":49}},"246":{"start":{"line":435,"column":3},"end":{"line":435,"column":19}},"247":{"start":{"line":438,"column":3},"end":{"line":438,"column":39}},"248":{"start":{"line":438,"column":17},"end":{"line":438,"column":39}},"249":{"start":{"line":439,"column":3},"end":{"line":439,"column":33}},"250":{"start":{"line":439,"column":18},"end":{"line":439,"column":33}},"251":{"start":{"line":440,"column":3},"end":{"line":440,"column":35}},"252":{"start":{"line":440,"column":18},"end":{"line":440,"column":35}},"253":{"start":{"line":441,"column":3},"end":{"line":441,"column":40}},"254":{"start":{"line":442,"column":3},"end":{"line":442,"column":33}},"255":{"start":{"line":446,"column":1},"end":{"line":452,"column":4}},"256":{"start":{"line":454,"column":1},"end":{"line":454,"column":14}},"257":{"start":{"line":458,"column":18},"end":{"line":458,"column":32}},"258":{"start":{"line":460,"column":1},"end":{"line":462,"column":2}},"259":{"start":{"line":461,"column":2},"end":{"line":461,"column":15}},"260":{"start":{"line":464,"column":74},"end":{"line":464,"column":82}},"261":{"start":{"line":467,"column":14},"end":{"line":467,"column":33}},"262":{"start":{"line":469,"column":1},"end":{"line":471,"column":2}},"263":{"start":{"line":470,"column":2},"end":{"line":470,"column":15}},"264":{"start":{"line":473,"column":1},"end":{"line":491,"column":2}},"265":{"start":{"line":474,"column":17},"end":{"line":474,"column":18}},"266":{"start":{"line":476,"column":2},"end":{"line":486,"column":3}},"267":{"start":{"line":477,"column":3},"end":{"line":485,"column":4}},"268":{"start":{"line":478,"column":4},"end":{"line":480,"column":5}},"269":{"start":{"line":479,"column":5},"end":{"line":479,"column":18}},"270":{"start":{"line":482,"column":4},"end":{"line":482,"column":18}},"271":{"start":{"line":484,"column":4},"end":{"line":484,"column":31}},"272":{"start":{"line":488,"column":2},"end":{"line":490,"column":3}},"273":{"start":{"line":489,"column":3},"end":{"line":489,"column":16}},"274":{"start":{"line":494,"column":1},"end":{"line":496,"column":2}},"275":{"start":{"line":495,"column":2},"end":{"line":495,"column":15}},"276":{"start":{"line":499,"column":1},"end":{"line":501,"column":2}},"277":{"start":{"line":500,"column":2},"end":{"line":500,"column":15}},"278":{"start":{"line":504,"column":1},"end":{"line":506,"column":2}},"279":{"start":{"line":505,"column":2},"end":{"line":505,"column":15}},"280":{"start":{"line":509,"column":1},"end":{"line":511,"column":2}},"281":{"start":{"line":510,"column":2},"end":{"line":510,"column":15}},"282":{"start":{"line":513,"column":1},"end":{"line":513,"column":13}},"283":{"start":{"line":522,"column":20},"end":{"line":522,"column":34}},"284":{"start":{"line":523,"column":14},"end":{"line":523,"column":33}},"285":{"start":{"line":525,"column":15},"end":{"line":537,"column":3}},"286":{"start":{"line":526,"column":17},"end":{"line":526,"column":19}},"287":{"start":{"line":528,"column":2},"end":{"line":534,"column":3}},"288":{"start":{"line":529,"column":3},"end":{"line":533,"column":4}},"289":{"start":{"line":530,"column":4},"end":{"line":530,"column":22}},"290":{"start":{"line":532,"column":4},"end":{"line":532,"column":52}},"291":{"start":{"line":536,"column":2},"end":{"line":536,"column":16}},"292":{"start":{"line":539,"column":1},"end":{"line":539,"column":14}},"293":{"start":{"line":544,"column":40},"end":{"line":544,"column":47}},"294":{"start":{"line":545,"column":1},"end":{"line":545,"column":36}},"295":{"start":{"line":546,"column":15},"end":{"line":546,"column":40}},"296":{"start":{"line":547,"column":92},"end":{"line":547,"column":99}},"297":{"start":{"line":548,"column":20},"end":{"line":548,"column":27}},"298":{"start":{"line":549,"column":25},"end":{"line":549,"column":32}},"299":{"start":{"line":550,"column":11},"end":{"line":550,"column":13}},"300":{"start":{"line":551,"column":11},"end":{"line":551,"column":12}},"301":{"start":{"line":552,"column":20},"end":{"line":552,"column":21}},"302":{"start":{"line":553,"column":13},"end":{"line":553,"column":54}},"303":{"start":{"line":554,"column":1},"end":{"line":554,"column":32}},"304":{"start":{"line":555,"column":1},"end":{"line":555,"column":79}},"305":{"start":{"line":555,"column":45},"end":{"line":555,"column":77}},"306":{"start":{"line":556,"column":15},"end":{"line":556,"column":17}},"307":{"start":{"line":559,"column":1},"end":{"line":561,"column":4}},"308":{"start":{"line":560,"column":2},"end":{"line":560,"column":38}},"309":{"start":{"line":563,"column":13},"end":{"line":563,"column":24}},"310":{"start":{"line":564,"column":15},"end":{"line":564,"column":55}},"311":{"start":{"line":565,"column":15},"end":{"line":565,"column":39}},"312":{"start":{"line":571,"column":2},"end":{"line":579,"column":3}},"313":{"start":{"line":572,"column":3},"end":{"line":572,"column":19}},"314":{"start":{"line":573,"column":3},"end":{"line":573,"column":30}},"315":{"start":{"line":574,"column":3},"end":{"line":574,"column":22}},"316":{"start":{"line":575,"column":3},"end":{"line":575,"column":27}},"317":{"start":{"line":576,"column":3},"end":{"line":576,"column":12}},"318":{"start":{"line":578,"column":3},"end":{"line":578,"column":38}},"319":{"start":{"line":588,"column":2},"end":{"line":588,"column":21}},"320":{"start":{"line":589,"column":2},"end":{"line":589,"column":62}},"321":{"start":{"line":590,"column":2},"end":{"line":590,"column":49}},"322":{"start":{"line":591,"column":2},"end":{"line":591,"column":23}},"323":{"start":{"line":592,"column":2},"end":{"line":592,"column":23}},"324":{"start":{"line":597,"column":2},"end":{"line":597,"column":16}},"325":{"start":{"line":600,"column":2},"end":{"line":608,"column":3}},"326":{"start":{"line":600,"column":15},"end":{"line":600,"column":16}},"327":{"start":{"line":601,"column":16},"end":{"line":601,"column":26}},"328":{"start":{"line":602,"column":18},"end":{"line":602,"column":34}},"329":{"start":{"line":604,"column":3},"end":{"line":607,"column":4}},"330":{"start":{"line":605,"column":4},"end":{"line":605,"column":41}},"331":{"start":{"line":606,"column":4},"end":{"line":606,"column":10}},"332":{"start":{"line":610,"column":2},"end":{"line":610,"column":44}},"333":{"start":{"line":613,"column":2},"end":{"line":613,"column":37}},"334":{"start":{"line":617,"column":2},"end":{"line":617,"column":37}},"335":{"start":{"line":619,"column":2},"end":{"line":621,"column":3}},"336":{"start":{"line":620,"column":3},"end":{"line":620,"column":37}},"337":{"start":{"line":623,"column":2},"end":{"line":623,"column":36}},"338":{"start":{"line":627,"column":2},"end":{"line":627,"column":37}},"339":{"start":{"line":629,"column":2},"end":{"line":631,"column":3}},"340":{"start":{"line":630,"column":3},"end":{"line":630,"column":50}},"341":{"start":{"line":633,"column":2},"end":{"line":633,"column":36}},"342":{"start":{"line":637,"column":2},"end":{"line":639,"column":3}},"343":{"start":{"line":638,"column":3},"end":{"line":638,"column":16}},"344":{"start":{"line":641,"column":2},"end":{"line":643,"column":3}},"345":{"start":{"line":642,"column":3},"end":{"line":642,"column":16}},"346":{"start":{"line":646,"column":1},"end":{"line":652,"column":4}},"347":{"start":{"line":647,"column":2},"end":{"line":649,"column":3}},"348":{"start":{"line":648,"column":3},"end":{"line":648,"column":62}},"349":{"start":{"line":651,"column":2},"end":{"line":651,"column":15}},"350":{"start":{"line":654,"column":1},"end":{"line":658,"column":4}},"351":{"start":{"line":655,"column":2},"end":{"line":657,"column":3}},"352":{"start":{"line":656,"column":3},"end":{"line":656,"column":62}},"353":{"start":{"line":666,"column":2},"end":{"line":666,"column":16}},"354":{"start":{"line":668,"column":2},"end":{"line":671,"column":3}},"355":{"start":{"line":669,"column":3},"end":{"line":669,"column":48}},"356":{"start":{"line":670,"column":3},"end":{"line":670,"column":10}},"357":{"start":{"line":674,"column":2},"end":{"line":681,"column":3}},"358":{"start":{"line":675,"column":18},"end":{"line":675,"column":34}},"359":{"start":{"line":677,"column":3},"end":{"line":680,"column":4}},"360":{"start":{"line":678,"column":4},"end":{"line":678,"column":41}},"361":{"start":{"line":679,"column":4},"end":{"line":679,"column":10}},"362":{"start":{"line":684,"column":17},"end":{"line":684,"column":28}},"363":{"start":{"line":686,"column":2},"end":{"line":686,"column":32}},"364":{"start":{"line":689,"column":24},"end":{"line":689,"column":63}},"365":{"start":{"line":691,"column":1},"end":{"line":693,"column":4}},"366":{"start":{"line":692,"column":2},"end":{"line":692,"column":148}},"367":{"start":{"line":692,"column":83},"end":{"line":692,"column":148}},"368":{"start":{"line":696,"column":2},"end":{"line":696,"column":19}},"369":{"start":{"line":697,"column":2},"end":{"line":697,"column":23}},"370":{"start":{"line":701,"column":2},"end":{"line":701,"column":19}},"371":{"start":{"line":702,"column":2},"end":{"line":702,"column":23}},"372":{"start":{"line":705,"column":1},"end":{"line":709,"column":3}},"373":{"start":{"line":706,"column":2},"end":{"line":706,"column":108}},"374":{"start":{"line":706,"column":40},"end":{"line":706,"column":108}},"375":{"start":{"line":707,"column":2},"end":{"line":707,"column":59}},"376":{"start":{"line":707,"column":24},"end":{"line":707,"column":59}},"377":{"start":{"line":708,"column":2},"end":{"line":708,"column":65}},"378":{"start":{"line":708,"column":26},"end":{"line":708,"column":65}},"379":{"start":{"line":711,"column":1},"end":{"line":741,"column":4}},"380":{"start":{"line":711,"column":32},"end":{"line":741,"column":2}},"381":{"start":{"line":743,"column":1},"end":{"line":756,"column":3}},"382":{"start":{"line":744,"column":2},"end":{"line":744,"column":108}},"383":{"start":{"line":744,"column":40},"end":{"line":744,"column":108}},"384":{"start":{"line":745,"column":2},"end":{"line":745,"column":59}},"385":{"start":{"line":745,"column":24},"end":{"line":745,"column":59}},"386":{"start":{"line":746,"column":2},"end":{"line":746,"column":65}},"387":{"start":{"line":746,"column":26},"end":{"line":746,"column":65}},"388":{"start":{"line":747,"column":2},"end":{"line":747,"column":59}},"389":{"start":{"line":747,"column":24},"end":{"line":747,"column":59}},"390":{"start":{"line":748,"column":2},"end":{"line":748,"column":42}},"391":{"start":{"line":748,"column":24},"end":{"line":748,"column":42}},"392":{"start":{"line":749,"column":2},"end":{"line":749,"column":86}},"393":{"start":{"line":749,"column":33},"end":{"line":749,"column":86}},"394":{"start":{"line":750,"column":2},"end":{"line":750,"column":65}},"395":{"start":{"line":750,"column":26},"end":{"line":750,"column":65}},"396":{"start":{"line":751,"column":2},"end":{"line":751,"column":71}},"397":{"start":{"line":751,"column":28},"end":{"line":751,"column":71}},"398":{"start":{"line":752,"column":2},"end":{"line":752,"column":80}},"399":{"start":{"line":752,"column":31},"end":{"line":752,"column":80}},"400":{"start":{"line":753,"column":2},"end":{"line":753,"column":48}},"401":{"start":{"line":753,"column":26},"end":{"line":753,"column":48}},"402":{"start":{"line":754,"column":2},"end":{"line":754,"column":71}},"403":{"start":{"line":754,"column":28},"end":{"line":754,"column":71}},"404":{"start":{"line":755,"column":2},"end":{"line":755,"column":71}},"405":{"start":{"line":755,"column":28},"end":{"line":755,"column":71}},"406":{"start":{"line":758,"column":1},"end":{"line":760,"column":2}},"407":{"start":{"line":759,"column":2},"end":{"line":759,"column":41}},"408":{"start":{"line":762,"column":1},"end":{"line":768,"column":3}},"409":{"start":{"line":763,"column":2},"end":{"line":767,"column":3}},"410":{"start":{"line":764,"column":3},"end":{"line":766,"column":4}},"411":{"start":{"line":765,"column":4},"end":{"line":765,"column":41}},"412":{"start":{"line":770,"column":1},"end":{"line":789,"column":3}},"413":{"start":{"line":794,"column":2},"end":{"line":794,"column":17}},"414":{"start":{"line":796,"column":2},"end":{"line":808,"column":4}},"415":{"start":{"line":810,"column":2},"end":{"line":815,"column":5}},"416":{"start":{"line":819,"column":2},"end":{"line":819,"column":25}},"417":{"start":{"line":823,"column":2},"end":{"line":823,"column":38}},"418":{"start":{"line":824,"column":2},"end":{"line":824,"column":10}},"419":{"start":{"line":828,"column":2},"end":{"line":828,"column":24}},"420":{"start":{"line":832,"column":2},"end":{"line":832,"column":22}},"421":{"start":{"line":833,"column":2},"end":{"line":833,"column":10}},"422":{"start":{"line":837,"column":2},"end":{"line":837,"column":24}},"423":{"start":{"line":841,"column":2},"end":{"line":841,"column":24}},"424":{"start":{"line":842,"column":2},"end":{"line":842,"column":10}},"425":{"start":{"line":846,"column":0},"end":{"line":846,"column":24}},"426":{"start":{"line":846,"column":24},"end":{"line":846,"column":86}}},"fnMap":{"0":{"name":"add_css","decl":{"start":{"line":13,"column":9},"end":{"line":13,"column":16}},"loc":{"start":{"line":13,"column":25},"end":{"line":15,"column":1}},"line":13},"1":{"name":"get_each_context","decl":{"start":{"line":17,"column":9},"end":{"line":17,"column":25}},"loc":{"start":{"line":17,"column":40},"end":{"line":22,"column":1}},"line":17},"2":{"name":"get_each_context_1","decl":{"start":{"line":24,"column":9},"end":{"line":24,"column":27}},"loc":{"start":{"line":24,"column":42},"end":{"line":29,"column":1}},"line":24},"3":{"name":"create_if_block","decl":{"start":{"line":32,"column":9},"end":{"line":32,"column":24}},"loc":{"start":{"line":32,"column":30},"end":{"line":114,"column":1}},"line":32},"4":{"name":"create","decl":{"start":{"line":44,"column":14},"end":{"line":44,"column":20}},"loc":{"start":{"line":44,"column":23},"end":{"line":60,"column":3}},"line":44},"5":{"name":"mount","decl":{"start":{"line":61,"column":14},"end":{"line":61,"column":19}},"loc":{"start":{"line":61,"column":36},"end":{"line":82,"column":3}},"line":61},"6":{"name":"update","decl":{"start":{"line":83,"column":14},"end":{"line":83,"column":20}},"loc":{"start":{"line":83,"column":33},"end":{"line":91,"column":3}},"line":83},"7":{"name":"destroy","decl":{"start":{"line":92,"column":14},"end":{"line":92,"column":21}},"loc":{"start":{"line":92,"column":33},"end":{"line":102,"column":3}},"line":92},"8":{"name":"create_each_block_1","decl":{"start":{"line":117,"column":9},"end":{"line":117,"column":28}},"loc":{"start":{"line":117,"column":34},"end":{"line":197,"column":1}},"line":117},"9":{"name":"create","decl":{"start":{"line":135,"column":14},"end":{"line":135,"column":20}},"loc":{"start":{"line":135,"column":23},"end":{"line":147,"column":3}},"line":135},"10":{"name":"mount","decl":{"start":{"line":148,"column":14},"end":{"line":148,"column":19}},"loc":{"start":{"line":148,"column":36},"end":{"line":153,"column":3}},"line":148},"11":{"name":"update","decl":{"start":{"line":154,"column":14},"end":{"line":154,"column":20}},"loc":{"start":{"line":154,"column":33},"end":{"line":162,"column":3}},"line":154},"12":{"name":"intro","decl":{"start":{"line":163,"column":14},"end":{"line":163,"column":19}},"loc":{"start":{"line":163,"column":27},"end":{"line":174,"column":3}},"line":163},"13":{"name":"(anonymous_13)","decl":{"start":{"line":167,"column":23},"end":{"line":167,"column":24}},"loc":{"start":{"line":167,"column":29},"end":{"line":171,"column":4}},"line":167},"14":{"name":"outro","decl":{"start":{"line":175,"column":14},"end":{"line":175,"column":19}},"loc":{"start":{"line":175,"column":27},"end":{"line":180,"column":3}},"line":175},"15":{"name":"destroy","decl":{"start":{"line":181,"column":14},"end":{"line":181,"column":21}},"loc":{"start":{"line":181,"column":33},"end":{"line":185,"column":3}},"line":181},"16":{"name":"create_each_block","decl":{"start":{"line":200,"column":9},"end":{"line":200,"column":26}},"loc":{"start":{"line":200,"column":32},"end":{"line":295,"column":1}},"line":200},"17":{"name":"(anonymous_17)","decl":{"start":{"line":211,"column":13},"end":{"line":211,"column":14}},"loc":{"start":{"line":211,"column":18},"end":{"line":213,"column":3}},"line":211},"18":{"name":"(anonymous_18)","decl":{"start":{"line":211,"column":55},"end":{"line":211,"column":56}},"loc":{"start":{"line":211,"column":61},"end":{"line":213,"column":2}},"line":211},"19":{"name":"create","decl":{"start":{"line":216,"column":14},"end":{"line":216,"column":20}},"loc":{"start":{"line":216,"column":23},"end":{"line":222,"column":3}},"line":216},"20":{"name":"mount","decl":{"start":{"line":223,"column":14},"end":{"line":223,"column":19}},"loc":{"start":{"line":223,"column":36},"end":{"line":232,"column":3}},"line":223},"21":{"name":"update","decl":{"start":{"line":233,"column":14},"end":{"line":233,"column":20}},"loc":{"start":{"line":233,"column":33},"end":{"line":261,"column":3}},"line":233},"22":{"name":"intro","decl":{"start":{"line":262,"column":14},"end":{"line":262,"column":19}},"loc":{"start":{"line":262,"column":27},"end":{"line":270,"column":3}},"line":262},"23":{"name":"outro","decl":{"start":{"line":271,"column":14},"end":{"line":271,"column":19}},"loc":{"start":{"line":271,"column":27},"end":{"line":279,"column":3}},"line":271},"24":{"name":"destroy","decl":{"start":{"line":280,"column":14},"end":{"line":280,"column":21}},"loc":{"start":{"line":280,"column":33},"end":{"line":283,"column":3}},"line":280},"25":{"name":"create_fragment","decl":{"start":{"line":297,"column":9},"end":{"line":297,"column":24}},"loc":{"start":{"line":297,"column":30},"end":{"line":455,"column":1}},"line":297},"26":{"name":"(anonymous_26)","decl":{"start":{"line":314,"column":13},"end":{"line":314,"column":14}},"loc":{"start":{"line":314,"column":18},"end":{"line":316,"column":3}},"line":314},"27":{"name":"(anonymous_27)","decl":{"start":{"line":314,"column":55},"end":{"line":314,"column":56}},"loc":{"start":{"line":314,"column":61},"end":{"line":316,"column":2}},"line":314},"28":{"name":"create","decl":{"start":{"line":330,"column":14},"end":{"line":330,"column":20}},"loc":{"start":{"line":330,"column":23},"end":{"line":349,"column":3}},"line":330},"29":{"name":"claim","decl":{"start":{"line":350,"column":14},"end":{"line":350,"column":19}},"loc":{"start":{"line":350,"column":27},"end":{"line":352,"column":3}},"line":350},"30":{"name":"mount","decl":{"start":{"line":353,"column":14},"end":{"line":353,"column":19}},"loc":{"start":{"line":353,"column":36},"end":{"line":369,"column":3}},"line":353},"31":{"name":"update","decl":{"start":{"line":370,"column":14},"end":{"line":370,"column":20}},"loc":{"start":{"line":370,"column":35},"end":{"line":416,"column":3}},"line":370},"32":{"name":"intro","decl":{"start":{"line":417,"column":14},"end":{"line":417,"column":19}},"loc":{"start":{"line":417,"column":27},"end":{"line":426,"column":3}},"line":417},"33":{"name":"outro","decl":{"start":{"line":427,"column":14},"end":{"line":427,"column":19}},"loc":{"start":{"line":427,"column":27},"end":{"line":436,"column":3}},"line":427},"34":{"name":"destroy","decl":{"start":{"line":437,"column":14},"end":{"line":437,"column":21}},"loc":{"start":{"line":437,"column":33},"end":{"line":443,"column":3}},"line":437},"35":{"name":"validateFEN","decl":{"start":{"line":457,"column":9},"end":{"line":457,"column":20}},"loc":{"start":{"line":457,"column":26},"end":{"line":514,"column":1}},"line":457},"36":{"name":"fenToBoard","decl":{"start":{"line":521,"column":9},"end":{"line":521,"column":19}},"loc":{"start":{"line":521,"column":25},"end":{"line":540,"column":1}},"line":521},"37":{"name":"(anonymous_37)","decl":{"start":{"line":525,"column":24},"end":{"line":525,"column":25}},"loc":{"start":{"line":525,"column":31},"end":{"line":537,"column":2}},"line":525},"38":{"name":"instance","decl":{"start":{"line":542,"column":9},"end":{"line":542,"column":17}},"loc":{"start":{"line":542,"column":49},"end":{"line":790,"column":1}},"line":542},"39":{"name":"(anonymous_39)","decl":{"start":{"line":555,"column":36},"end":{"line":555,"column":37}},"loc":{"start":{"line":555,"column":45},"end":{"line":555,"column":77}},"line":555},"40":{"name":"(anonymous_40)","decl":{"start":{"line":559,"column":17},"end":{"line":559,"column":18}},"loc":{"start":{"line":559,"column":26},"end":{"line":561,"column":2}},"line":559},"41":{"name":"loadFEN","decl":{"start":{"line":570,"column":10},"end":{"line":570,"column":17}},"loc":{"start":{"line":570,"column":20},"end":{"line":580,"column":2}},"line":570},"42":{"name":"loadPGN","decl":{"start":{"line":587,"column":10},"end":{"line":587,"column":17}},"loc":{"start":{"line":587,"column":20},"end":{"line":593,"column":2}},"line":587},"43":{"name":"handleMove","decl":{"start":{"line":595,"column":10},"end":{"line":595,"column":20}},"loc":{"start":{"line":595,"column":41},"end":{"line":614,"column":2}},"line":595},"44":{"name":"handleUndo","decl":{"start":{"line":616,"column":10},"end":{"line":616,"column":20}},"loc":{"start":{"line":616,"column":23},"end":{"line":624,"column":2}},"line":616},"45":{"name":"handleRedo","decl":{"start":{"line":626,"column":10},"end":{"line":626,"column":20}},"loc":{"start":{"line":626,"column":23},"end":{"line":634,"column":2}},"line":626},"46":{"name":"handleGlobalKeyDown","decl":{"start":{"line":636,"column":10},"end":{"line":636,"column":29}},"loc":{"start":{"line":636,"column":37},"end":{"line":644,"column":2}},"line":636},"47":{"name":"(anonymous_47)","decl":{"start":{"line":646,"column":9},"end":{"line":646,"column":10}},"loc":{"start":{"line":646,"column":15},"end":{"line":652,"column":2}},"line":646},"48":{"name":"(anonymous_48)","decl":{"start":{"line":654,"column":11},"end":{"line":654,"column":12}},"loc":{"start":{"line":654,"column":17},"end":{"line":658,"column":2}},"line":654},"49":{"name":"updateBoard","decl":{"start":{"line":664,"column":10},"end":{"line":664,"column":21}},"loc":{"start":{"line":664,"column":29},"end":{"line":687,"column":2}},"line":664},"50":{"name":"(anonymous_50)","decl":{"start":{"line":691,"column":30},"end":{"line":691,"column":31}},"loc":{"start":{"line":691,"column":37},"end":{"line":693,"column":2}},"line":691},"51":{"name":"input0_input_handler","decl":{"start":{"line":695,"column":10},"end":{"line":695,"column":30}},"loc":{"start":{"line":695,"column":33},"end":{"line":698,"column":2}},"line":695},"52":{"name":"input1_input_handler","decl":{"start":{"line":700,"column":10},"end":{"line":700,"column":30}},"loc":{"start":{"line":700,"column":33},"end":{"line":703,"column":2}},"line":700},"53":{"name":"(anonymous_53)","decl":{"start":{"line":705,"column":16},"end":{"line":705,"column":17}},"loc":{"start":{"line":705,"column":27},"end":{"line":709,"column":2}},"line":705},"54":{"name":"(anonymous_54)","decl":{"start":{"line":711,"column":25},"end":{"line":711,"column":26}},"loc":{"start":{"line":711,"column":32},"end":{"line":741,"column":2}},"line":711},"55":{"name":"(anonymous_55)","decl":{"start":{"line":743,"column":24},"end":{"line":743,"column":25}},"loc":{"start":{"line":743,"column":35},"end":{"line":756,"column":2}},"line":743},"56":{"name":"(anonymous_56)","decl":{"start":{"line":762,"column":20},"end":{"line":762,"column":21}},"loc":{"start":{"line":762,"column":26},"end":{"line":768,"column":2}},"line":762},"57":{"name":"(anonymous_57)","decl":{"start":{"line":793,"column":1},"end":{"line":793,"column":2}},"loc":{"start":{"line":793,"column":22},"end":{"line":816,"column":2}},"line":793},"58":{"name":"(anonymous_58)","decl":{"start":{"line":818,"column":1},"end":{"line":818,"column":2}},"loc":{"start":{"line":818,"column":27},"end":{"line":820,"column":2}},"line":818},"59":{"name":"(anonymous_59)","decl":{"start":{"line":822,"column":1},"end":{"line":822,"column":2}},"loc":{"start":{"line":822,"column":46},"end":{"line":825,"column":2}},"line":822},"60":{"name":"(anonymous_60)","decl":{"start":{"line":827,"column":1},"end":{"line":827,"column":2}},"loc":{"start":{"line":827,"column":11},"end":{"line":829,"column":2}},"line":827},"61":{"name":"(anonymous_61)","decl":{"start":{"line":831,"column":1},"end":{"line":831,"column":2}},"loc":{"start":{"line":831,"column":14},"end":{"line":834,"column":2}},"line":831},"62":{"name":"(anonymous_62)","decl":{"start":{"line":836,"column":1},"end":{"line":836,"column":2}},"loc":{"start":{"line":836,"column":13},"end":{"line":838,"column":2}},"line":836},"63":{"name":"(anonymous_63)","decl":{"start":{"line":840,"column":1},"end":{"line":840,"column":2}},"loc":{"start":{"line":840,"column":18},"end":{"line":843,"column":2}},"line":840}},"branchMap":{"0":{"loc":{"start":{"line":72,"column":3},"end":{"line":81,"column":4}},"type":"if","locations":[{"start":{"line":72,"column":3},"end":{"line":81,"column":4}},{"start":{},"end":{}}],"line":72},"1":{"loc":{"start":{"line":84,"column":3},"end":{"line":86,"column":4}},"type":"if","locations":[{"start":{"line":84,"column":3},"end":{"line":86,"column":4}},{"start":{},"end":{}}],"line":84},"2":{"loc":{"start":{"line":84,"column":7},"end":{"line":84,"column":59}},"type":"binary-expr","locations":[{"start":{"line":84,"column":7},"end":{"line":84,"column":24}},{"start":{"line":84,"column":28},"end":{"line":84,"column":59}}],"line":84},"3":{"loc":{"start":{"line":88,"column":3},"end":{"line":90,"column":4}},"type":"if","locations":[{"start":{"line":88,"column":3},"end":{"line":90,"column":4}},{"start":{},"end":{}}],"line":88},"4":{"loc":{"start":{"line":88,"column":7},"end":{"line":88,"column":59}},"type":"binary-expr","locations":[{"start":{"line":88,"column":7},"end":{"line":88,"column":24}},{"start":{"line":88,"column":28},"end":{"line":88,"column":59}}],"line":88},"5":{"loc":{"start":{"line":93,"column":3},"end":{"line":93,"column":37}},"type":"if","locations":[{"start":{"line":93,"column":3},"end":{"line":93,"column":37}},{"start":{},"end":{}}],"line":93},"6":{"loc":{"start":{"line":94,"column":3},"end":{"line":94,"column":33}},"type":"if","locations":[{"start":{"line":94,"column":3},"end":{"line":94,"column":33}},{"start":{},"end":{}}],"line":94},"7":{"loc":{"start":{"line":95,"column":3},"end":{"line":95,"column":38}},"type":"if","locations":[{"start":{"line":95,"column":3},"end":{"line":95,"column":38}},{"start":{},"end":{}}],"line":95},"8":{"loc":{"start":{"line":96,"column":3},"end":{"line":96,"column":33}},"type":"if","locations":[{"start":{"line":96,"column":3},"end":{"line":96,"column":33}},{"start":{},"end":{}}],"line":96},"9":{"loc":{"start":{"line":97,"column":3},"end":{"line":97,"column":37}},"type":"if","locations":[{"start":{"line":97,"column":3},"end":{"line":97,"column":37}},{"start":{},"end":{}}],"line":97},"10":{"loc":{"start":{"line":98,"column":3},"end":{"line":98,"column":33}},"type":"if","locations":[{"start":{"line":98,"column":3},"end":{"line":98,"column":33}},{"start":{},"end":{}}],"line":98},"11":{"loc":{"start":{"line":99,"column":3},"end":{"line":99,"column":38}},"type":"if","locations":[{"start":{"line":99,"column":3},"end":{"line":99,"column":38}},{"start":{},"end":{}}],"line":99},"12":{"loc":{"start":{"line":140,"column":63},"end":{"line":142,"column":12}},"type":"cond-expr","locations":[{"start":{"line":141,"column":5},"end":{"line":141,"column":12}},{"start":{"line":142,"column":5},"end":{"line":142,"column":12}}],"line":140},"13":{"loc":{"start":{"line":156,"column":3},"end":{"line":156,"column":111}},"type":"if","locations":[{"start":{"line":156,"column":3},"end":{"line":156,"column":111}},{"start":{},"end":{}}],"line":156},"14":{"loc":{"start":{"line":159,"column":3},"end":{"line":161,"column":4}},"type":"if","locations":[{"start":{"line":159,"column":3},"end":{"line":161,"column":4}},{"start":{},"end":{}}],"line":159},"15":{"loc":{"start":{"line":159,"column":7},"end":{"line":159,"column":188}},"type":"binary-expr","locations":[{"start":{"line":159,"column":7},"end":{"line":159,"column":15}},{"start":{"line":159,"column":19},"end":{"line":159,"column":44}},{"start":{"line":159,"column":48},"end":{"line":159,"column":188}}],"line":159},"16":{"loc":{"start":{"line":164,"column":3},"end":{"line":164,"column":23}},"type":"if","locations":[{"start":{"line":164,"column":3},"end":{"line":164,"column":23}},{"start":{},"end":{}}],"line":164},"17":{"loc":{"start":{"line":168,"column":4},"end":{"line":168,"column":25}},"type":"if","locations":[{"start":{"line":168,"column":4},"end":{"line":168,"column":25}},{"start":{},"end":{}}],"line":168},"18":{"loc":{"start":{"line":169,"column":4},"end":{"line":169,"column":111}},"type":"if","locations":[{"start":{"line":169,"column":4},"end":{"line":169,"column":111}},{"start":{},"end":{}}],"line":169},"19":{"loc":{"start":{"line":177,"column":3},"end":{"line":177,"column":111}},"type":"if","locations":[{"start":{"line":177,"column":3},"end":{"line":177,"column":111}},{"start":{},"end":{}}],"line":177},"20":{"loc":{"start":{"line":182,"column":3},"end":{"line":182,"column":34}},"type":"if","locations":[{"start":{"line":182,"column":3},"end":{"line":182,"column":34}},{"start":{},"end":{}}],"line":182},"21":{"loc":{"start":{"line":184,"column":3},"end":{"line":184,"column":57}},"type":"if","locations":[{"start":{"line":184,"column":3},"end":{"line":184,"column":57}},{"start":{},"end":{}}],"line":184},"22":{"loc":{"start":{"line":184,"column":7},"end":{"line":184,"column":34}},"type":"binary-expr","locations":[{"start":{"line":184,"column":7},"end":{"line":184,"column":16}},{"start":{"line":184,"column":20},"end":{"line":184,"column":34}}],"line":184},"23":{"loc":{"start":{"line":225,"column":4},"end":{"line":227,"column":5}},"type":"if","locations":[{"start":{"line":225,"column":4},"end":{"line":227,"column":5}},{"start":{},"end":{}}],"line":225},"24":{"loc":{"start":{"line":234,"column":3},"end":{"line":260,"column":4}},"type":"if","locations":[{"start":{"line":234,"column":3},"end":{"line":260,"column":4}},{"start":{},"end":{}}],"line":234},"25":{"loc":{"start":{"line":242,"column":5},"end":{"line":250,"column":6}},"type":"if","locations":[{"start":{"line":242,"column":5},"end":{"line":250,"column":6}},{"start":{"line":245,"column":12},"end":{"line":250,"column":6}}],"line":242},"26":{"loc":{"start":{"line":263,"column":3},"end":{"line":263,"column":23}},"type":"if","locations":[{"start":{"line":263,"column":3},"end":{"line":263,"column":23}},{"start":{},"end":{}}],"line":263},"27":{"loc":{"start":{"line":282,"column":3},"end":{"line":282,"column":44}},"type":"if","locations":[{"start":{"line":282,"column":3},"end":{"line":282,"column":44}},{"start":{},"end":{}}],"line":282},"28":{"loc":{"start":{"line":305,"column":26},"end":{"line":305,"column":56}},"type":"binary-expr","locations":[{"start":{"line":305,"column":26},"end":{"line":305,"column":32}},{"start":{"line":305,"column":36},"end":{"line":305,"column":56}}],"line":305},"29":{"loc":{"start":{"line":331,"column":3},"end":{"line":331,"column":30}},"type":"if","locations":[{"start":{"line":331,"column":3},"end":{"line":331,"column":30}},{"start":{},"end":{}}],"line":331},"30":{"loc":{"start":{"line":354,"column":3},"end":{"line":354,"column":44}},"type":"if","locations":[{"start":{"line":354,"column":3},"end":{"line":354,"column":44}},{"start":{},"end":{}}],"line":354},"31":{"loc":{"start":{"line":361,"column":4},"end":{"line":363,"column":5}},"type":"if","locations":[{"start":{"line":361,"column":4},"end":{"line":363,"column":5}},{"start":{},"end":{}}],"line":361},"32":{"loc":{"start":{"line":371,"column":3},"end":{"line":382,"column":4}},"type":"if","locations":[{"start":{"line":371,"column":3},"end":{"line":382,"column":4}},{"start":{"line":379,"column":10},"end":{"line":382,"column":4}}],"line":371},"33":{"loc":{"start":{"line":372,"column":4},"end":{"line":378,"column":5}},"type":"if","locations":[{"start":{"line":372,"column":4},"end":{"line":378,"column":5}},{"start":{"line":374,"column":11},"end":{"line":378,"column":5}}],"line":372},"34":{"loc":{"start":{"line":379,"column":10},"end":{"line":382,"column":4}},"type":"if","locations":[{"start":{"line":379,"column":10},"end":{"line":382,"column":4}},{"start":{},"end":{}}],"line":379},"35":{"loc":{"start":{"line":384,"column":3},"end":{"line":410,"column":4}},"type":"if","locations":[{"start":{"line":384,"column":3},"end":{"line":410,"column":4}},{"start":{},"end":{}}],"line":384},"36":{"loc":{"start":{"line":392,"column":5},"end":{"line":400,"column":6}},"type":"if","locations":[{"start":{"line":392,"column":5},"end":{"line":400,"column":6}},{"start":{"line":395,"column":12},"end":{"line":400,"column":6}}],"line":392},"37":{"loc":{"start":{"line":413,"column":3},"end":{"line":413,"column":79}},"type":"if","locations":[{"start":{"line":413,"column":3},"end":{"line":413,"column":79}},{"start":{},"end":{}}],"line":413},"38":{"loc":{"start":{"line":414,"column":3},"end":{"line":414,"column":93}},"type":"if","locations":[{"start":{"line":414,"column":3},"end":{"line":414,"column":93}},{"start":{},"end":{}}],"line":414},"39":{"loc":{"start":{"line":418,"column":3},"end":{"line":418,"column":23}},"type":"if","locations":[{"start":{"line":418,"column":3},"end":{"line":418,"column":23}},{"start":{},"end":{}}],"line":418},"40":{"loc":{"start":{"line":438,"column":3},"end":{"line":438,"column":39}},"type":"if","locations":[{"start":{"line":438,"column":3},"end":{"line":438,"column":39}},{"start":{},"end":{}}],"line":438},"41":{"loc":{"start":{"line":439,"column":3},"end":{"line":439,"column":33}},"type":"if","locations":[{"start":{"line":439,"column":3},"end":{"line":439,"column":33}},{"start":{},"end":{}}],"line":439},"42":{"loc":{"start":{"line":440,"column":3},"end":{"line":440,"column":35}},"type":"if","locations":[{"start":{"line":440,"column":3},"end":{"line":440,"column":35}},{"start":{},"end":{}}],"line":440},"43":{"loc":{"start":{"line":460,"column":1},"end":{"line":462,"column":2}},"type":"if","locations":[{"start":{"line":460,"column":1},"end":{"line":462,"column":2}},{"start":{},"end":{}}],"line":460},"44":{"loc":{"start":{"line":469,"column":1},"end":{"line":471,"column":2}},"type":"if","locations":[{"start":{"line":469,"column":1},"end":{"line":471,"column":2}},{"start":{},"end":{}}],"line":469},"45":{"loc":{"start":{"line":477,"column":3},"end":{"line":485,"column":4}},"type":"if","locations":[{"start":{"line":477,"column":3},"end":{"line":485,"column":4}},{"start":{"line":483,"column":10},"end":{"line":485,"column":4}}],"line":477},"46":{"loc":{"start":{"line":478,"column":4},"end":{"line":480,"column":5}},"type":"if","locations":[{"start":{"line":478,"column":4},"end":{"line":480,"column":5}},{"start":{},"end":{}}],"line":478},"47":{"loc":{"start":{"line":488,"column":2},"end":{"line":490,"column":3}},"type":"if","locations":[{"start":{"line":488,"column":2},"end":{"line":490,"column":3}},{"start":{},"end":{}}],"line":488},"48":{"loc":{"start":{"line":494,"column":1},"end":{"line":496,"column":2}},"type":"if","locations":[{"start":{"line":494,"column":1},"end":{"line":496,"column":2}},{"start":{},"end":{}}],"line":494},"49":{"loc":{"start":{"line":499,"column":1},"end":{"line":501,"column":2}},"type":"if","locations":[{"start":{"line":499,"column":1},"end":{"line":501,"column":2}},{"start":{},"end":{}}],"line":499},"50":{"loc":{"start":{"line":504,"column":1},"end":{"line":506,"column":2}},"type":"if","locations":[{"start":{"line":504,"column":1},"end":{"line":506,"column":2}},{"start":{},"end":{}}],"line":504},"51":{"loc":{"start":{"line":509,"column":1},"end":{"line":511,"column":2}},"type":"if","locations":[{"start":{"line":509,"column":1},"end":{"line":511,"column":2}},{"start":{},"end":{}}],"line":509},"52":{"loc":{"start":{"line":509,"column":5},"end":{"line":509,"column":39}},"type":"binary-expr","locations":[{"start":{"line":509,"column":5},"end":{"line":509,"column":20}},{"start":{"line":509,"column":24},"end":{"line":509,"column":39}}],"line":509},"53":{"loc":{"start":{"line":529,"column":3},"end":{"line":533,"column":4}},"type":"if","locations":[{"start":{"line":529,"column":3},"end":{"line":533,"column":4}},{"start":{"line":531,"column":10},"end":{"line":533,"column":4}}],"line":529},"54":{"loc":{"start":{"line":544,"column":16},"end":{"line":544,"column":26}},"type":"default-arg","locations":[{"start":{"line":544,"column":24},"end":{"line":544,"column":26}}],"line":544},"55":{"loc":{"start":{"line":547,"column":7},"end":{"line":547,"column":87}},"type":"default-arg","locations":[{"start":{"line":547,"column":29},"end":{"line":547,"column":87}}],"line":547},"56":{"loc":{"start":{"line":548,"column":7},"end":{"line":548,"column":15}},"type":"default-arg","locations":[{"start":{"line":548,"column":13},"end":{"line":548,"column":15}}],"line":548},"57":{"loc":{"start":{"line":549,"column":7},"end":{"line":549,"column":20}},"type":"default-arg","locations":[{"start":{"line":549,"column":15},"end":{"line":549,"column":20}}],"line":549},"58":{"loc":{"start":{"line":571,"column":2},"end":{"line":579,"column":3}},"type":"if","locations":[{"start":{"line":571,"column":2},"end":{"line":579,"column":3}},{"start":{"line":577,"column":9},"end":{"line":579,"column":3}}],"line":571},"59":{"loc":{"start":{"line":604,"column":3},"end":{"line":607,"column":4}},"type":"if","locations":[{"start":{"line":604,"column":3},"end":{"line":607,"column":4}},{"start":{},"end":{}}],"line":604},"60":{"loc":{"start":{"line":619,"column":2},"end":{"line":621,"column":3}},"type":"if","locations":[{"start":{"line":619,"column":2},"end":{"line":621,"column":3}},{"start":{},"end":{}}],"line":619},"61":{"loc":{"start":{"line":629,"column":2},"end":{"line":631,"column":3}},"type":"if","locations":[{"start":{"line":629,"column":2},"end":{"line":631,"column":3}},{"start":{},"end":{}}],"line":629},"62":{"loc":{"start":{"line":637,"column":2},"end":{"line":639,"column":3}},"type":"if","locations":[{"start":{"line":637,"column":2},"end":{"line":639,"column":3}},{"start":{},"end":{}}],"line":637},"63":{"loc":{"start":{"line":641,"column":2},"end":{"line":643,"column":3}},"type":"if","locations":[{"start":{"line":641,"column":2},"end":{"line":643,"column":3}},{"start":{},"end":{}}],"line":641},"64":{"loc":{"start":{"line":647,"column":2},"end":{"line":649,"column":3}},"type":"if","locations":[{"start":{"line":647,"column":2},"end":{"line":649,"column":3}},{"start":{},"end":{}}],"line":647},"65":{"loc":{"start":{"line":655,"column":2},"end":{"line":657,"column":3}},"type":"if","locations":[{"start":{"line":655,"column":2},"end":{"line":657,"column":3}},{"start":{},"end":{}}],"line":655},"66":{"loc":{"start":{"line":668,"column":2},"end":{"line":671,"column":3}},"type":"if","locations":[{"start":{"line":668,"column":2},"end":{"line":671,"column":3}},{"start":{},"end":{}}],"line":668},"67":{"loc":{"start":{"line":677,"column":3},"end":{"line":680,"column":4}},"type":"if","locations":[{"start":{"line":677,"column":3},"end":{"line":680,"column":4}},{"start":{},"end":{}}],"line":677},"68":{"loc":{"start":{"line":692,"column":2},"end":{"line":692,"column":148}},"type":"if","locations":[{"start":{"line":692,"column":2},"end":{"line":692,"column":148}},{"start":{},"end":{}}],"line":692},"69":{"loc":{"start":{"line":692,"column":6},"end":{"line":692,"column":81}},"type":"binary-expr","locations":[{"start":{"line":692,"column":6},"end":{"line":692,"column":35}},{"start":{"line":692,"column":39},"end":{"line":692,"column":63}},{"start":{"line":692,"column":67},"end":{"line":692,"column":81}}],"line":692},"70":{"loc":{"start":{"line":706,"column":2},"end":{"line":706,"column":108}},"type":"if","locations":[{"start":{"line":706,"column":2},"end":{"line":706,"column":108}},{"start":{},"end":{}}],"line":706},"71":{"loc":{"start":{"line":707,"column":2},"end":{"line":707,"column":59}},"type":"if","locations":[{"start":{"line":707,"column":2},"end":{"line":707,"column":59}},{"start":{},"end":{}}],"line":707},"72":{"loc":{"start":{"line":708,"column":2},"end":{"line":708,"column":65}},"type":"if","locations":[{"start":{"line":708,"column":2},"end":{"line":708,"column":65}},{"start":{},"end":{}}],"line":708},"73":{"loc":{"start":{"line":744,"column":2},"end":{"line":744,"column":108}},"type":"if","locations":[{"start":{"line":744,"column":2},"end":{"line":744,"column":108}},{"start":{},"end":{}}],"line":744},"74":{"loc":{"start":{"line":745,"column":2},"end":{"line":745,"column":59}},"type":"if","locations":[{"start":{"line":745,"column":2},"end":{"line":745,"column":59}},{"start":{},"end":{}}],"line":745},"75":{"loc":{"start":{"line":746,"column":2},"end":{"line":746,"column":65}},"type":"if","locations":[{"start":{"line":746,"column":2},"end":{"line":746,"column":65}},{"start":{},"end":{}}],"line":746},"76":{"loc":{"start":{"line":747,"column":2},"end":{"line":747,"column":59}},"type":"if","locations":[{"start":{"line":747,"column":2},"end":{"line":747,"column":59}},{"start":{},"end":{}}],"line":747},"77":{"loc":{"start":{"line":748,"column":2},"end":{"line":748,"column":42}},"type":"if","locations":[{"start":{"line":748,"column":2},"end":{"line":748,"column":42}},{"start":{},"end":{}}],"line":748},"78":{"loc":{"start":{"line":749,"column":2},"end":{"line":749,"column":86}},"type":"if","locations":[{"start":{"line":749,"column":2},"end":{"line":749,"column":86}},{"start":{},"end":{}}],"line":749},"79":{"loc":{"start":{"line":750,"column":2},"end":{"line":750,"column":65}},"type":"if","locations":[{"start":{"line":750,"column":2},"end":{"line":750,"column":65}},{"start":{},"end":{}}],"line":750},"80":{"loc":{"start":{"line":751,"column":2},"end":{"line":751,"column":71}},"type":"if","locations":[{"start":{"line":751,"column":2},"end":{"line":751,"column":71}},{"start":{},"end":{}}],"line":751},"81":{"loc":{"start":{"line":752,"column":2},"end":{"line":752,"column":80}},"type":"if","locations":[{"start":{"line":752,"column":2},"end":{"line":752,"column":80}},{"start":{},"end":{}}],"line":752},"82":{"loc":{"start":{"line":753,"column":2},"end":{"line":753,"column":48}},"type":"if","locations":[{"start":{"line":753,"column":2},"end":{"line":753,"column":48}},{"start":{},"end":{}}],"line":753},"83":{"loc":{"start":{"line":754,"column":2},"end":{"line":754,"column":71}},"type":"if","locations":[{"start":{"line":754,"column":2},"end":{"line":754,"column":71}},{"start":{},"end":{}}],"line":754},"84":{"loc":{"start":{"line":755,"column":2},"end":{"line":755,"column":71}},"type":"if","locations":[{"start":{"line":755,"column":2},"end":{"line":755,"column":71}},{"start":{},"end":{}}],"line":755},"85":{"loc":{"start":{"line":758,"column":1},"end":{"line":760,"column":2}},"type":"if","locations":[{"start":{"line":758,"column":1},"end":{"line":760,"column":2}},{"start":{},"end":{}}],"line":758},"86":{"loc":{"start":{"line":758,"column":5},"end":{"line":758,"column":37}},"type":"binary-expr","locations":[{"start":{"line":758,"column":5},"end":{"line":758,"column":12}},{"start":{"line":758,"column":16},"end":{"line":758,"column":37}}],"line":758},"87":{"loc":{"start":{"line":763,"column":2},"end":{"line":767,"column":3}},"type":"if","locations":[{"start":{"line":763,"column":2},"end":{"line":767,"column":3}},{"start":{},"end":{}}],"line":763}},"s":{"0":0,"1":0,"2":0,"3":0,"4":0,"5":0,"6":0,"7":0,"8":0,"9":0,"10":0,"11":0,"12":0,"13":0,"14":0,"15":0,"16":0,"17":0,"18":0,"19":0,"20":0,"21":0,"22":0,"23":0,"24":0,"25":0,"26":0,"27":0,"28":0,"29":0,"30":0,"31":0,"32":0,"33":0,"34":0,"35":0,"36":0,"37":0,"38":0,"39":0,"40":0,"41":0,"42":0,"43":0,"44":0,"45":0,"46":0,"47":0,"48":0,"49":0,"50":0,"51":0,"52":0,"53":0,"54":0,"55":0,"56":0,"57":0,"58":0,"59":0,"60":0,"61":0,"62":0,"63":0,"64":0,"65":0,"66":0,"67":0,"68":0,"69":0,"70":0,"71":0,"72":0,"73":0,"74":0,"75":0,"76":0,"77":0,"78":0,"79":0,"80":0,"81":0,"82":0,"83":0,"84":0,"85":0,"86":0,"87":0,"88":0,"89":0,"90":0,"91":0,"92":0,"93":0,"94":0,"95":0,"96":0,"97":0,"98":0,"99":0,"100":0,"101":0,"102":0,"103":0,"104":0,"105":0,"106":0,"107":0,"108":0,"109":0,"110":0,"111":0,"112":0,"113":0,"114":0,"115":0,"116":0,"117":0,"118":0,"119":0,"120":0,"121":0,"122":0,"123":0,"124":0,"125":0,"126":0,"127":0,"128":0,"129":0,"130":0,"131":0,"132":0,"133":0,"134":0,"135":0,"136":0,"137":0,"138":0,"139":0,"140":0,"141":0,"142":0,"143":0,"144":0,"145":0,"146":0,"147":0,"148":0,"149":0,"150":0,"151":0,"152":0,"153":0,"154":0,"155":0,"156":0,"157":0,"158":0,"159":0,"160":0,"161":0,"162":0,"163":0,"164":0,"165":0,"166":0,"167":0,"168":0,"169":0,"170":0,"171":0,"172":0,"173":0,"174":0,"175":0,"176":0,"177":0,"178":0,"179":0,"180":0,"181":0,"182":0,"183":0,"184":0,"185":0,"186":0,"187":0,"188":0,"189":0,"190":0,"191":0,"192":0,"193":0,"194":0,"195":0,"196":0,"197":0,"198":0,"199":0,"200":0,"201":0,"202":0,"203":0,"204":0,"205":0,"206":0,"207":0,"208":0,"209":0,"210":0,"211":0,"212":0,"213":0,"214":0,"215":0,"216":0,"217":0,"218":0,"219":0,"220":0,"221":0,"222":0,"223":0,"224":0,"225":0,"226":0,"227":0,"228":0,"229":0,"230":0,"231":0,"232":0,"233":0,"234":0,"235":0,"236":0,"237":0,"238":0,"239":0,"240":0,"241":0,"242":0,"243":0,"244":0,"245":0,"246":0,"247":0,"248":0,"249":0,"250":0,"251":0,"252":0,"253":0,"254":0,"255":0,"256":0,"257":0,"258":0,"259":0,"260":0,"261":0,"262":0,"263":0,"264":0,"265":0,"266":0,"267":0,"268":0,"269":0,"270":0,"271":0,"272":0,"273":0,"274":0,"275":0,"276":0,"277":0,"278":0,"279":0,"280":0,"281":0,"282":0,"283":0,"284":0,"285":0,"286":0,"287":0,"288":0,"289":0,"290":0,"291":0,"292":0,"293":0,"294":0,"295":0,"296":0,"297":0,"298":0,"299":0,"300":0,"301":0,"302":0,"303":0,"304":0,"305":0,"306":0,"307":0,"308":0,"309":0,"310":0,"311":0,"312":0,"313":0,"314":0,"315":0,"316":0,"317":0,"318":0,"319":0,"320":0,"321":0,"322":0,"323":0,"324":0,"325":0,"326":0,"327":0,"328":0,"329":0,"330":0,"331":0,"332":0,"333":0,"334":0,"335":0,"336":0,"337":0,"338":0,"339":0,"340":0,"341":0,"342":0,"343":0,"344":0,"345":0,"346":0,"347":0,"348":0,"349":0,"350":0,"351":0,"352":0,"353":0,"354":0,"355":0,"356":0,"357":0,"358":0,"359":0,"360":0,"361":0,"362":0,"363":0,"364":0,"365":0,"366":0,"367":0,"368":0,"369":0,"370":0,"371":0,"372":0,"373":0,"374":0,"375":0,"376":0,"377":0,"378":0,"379":0,"380":0,"381":0,"382":0,"383":0,"384":0,"385":0,"386":0,"387":0,"388":0,"389":0,"390":0,"391":0,"392":0,"393":0,"394":0,"395":0,"396":0,"397":0,"398":0,"399":0,"400":0,"401":0,"402":0,"403":0,"404":0,"405":0,"406":0,"407":0,"408":0,"409":0,"410":0,"411":0,"412":0,"413":0,"414":0,"415":0,"416":0,"417":0,"418":0,"419":0,"420":0,"421":0,"422":0,"423":0,"424":0,"425":0,"426":0},"f":{"0":0,"1":0,"2":0,"3":0,"4":0,"5":0,"6":0,"7":0,"8":0,"9":0,"10":0,"11":0,"12":0,"13":0,"14":0,"15":0,"16":0,"17":0,"18":0,"19":0,"20":0,"21":0,"22":0,"23":0,"24":0,"25":0,"26":0,"27":0,"28":0,"29":0,"30":0,"31":0,"32":0,"33":0,"34":0,"35":0,"36":0,"37":0,"38":0,"39":0,"40":0,"41":0,"42":0,"43":0,"44":0,"45":0,"46":0,"47":0,"48":0,"49":0,"50":0,"51":0,"52":0,"53":0,"54":0,"55":0,"56":0,"57":0,"58":0,"59":0,"60":0,"61":0,"62":0,"63":0},"b":{"0":[0,0],"1":[0,0],"2":[0,0],"3":[0,0],"4":[0,0],"5":[0,0],"6":[0,0],"7":[0,0],"8":[0,0],"9":[0,0],"10":[0,0],"11":[0,0],"12":[0,0],"13":[0,0],"14":[0,0],"15":[0,0,0],"16":[0,0],"17":[0,0],"18":[0,0],"19":[0,0],"20":[0,0],"21":[0,0],"22":[0,0],"23":[0,0],"24":[0,0],"25":[0,0],"26":[0,0],"27":[0,0],"28":[0,0],"29":[0,0],"30":[0,0],"31":[0,0],"32":[0,0],"33":[0,0],"34":[0,0],"35":[0,0],"36":[0,0],"37":[0,0],"38":[0,0],"39":[0,0],"40":[0,0],"41":[0,0],"42":[0,0],"43":[0,0],"44":[0,0],"45":[0,0],"46":[0,0],"47":[0,0],"48":[0,0],"49":[0,0],"50":[0,0],"51":[0,0],"52":[0,0],"53":[0,0],"54":[0],"55":[0],"56":[0],"57":[0],"58":[0,0],"59":[0,0],"60":[0,0],"61":[0,0],"62":[0,0],"63":[0,0],"64":[0,0],"65":[0,0],"66":[0,0],"67":[0,0],"68":[0,0],"69":[0,0,0],"70":[0,0],"71":[0,0],"72":[0,0],"73":[0,0],"74":[0,0],"75":[0,0],"76":[0,0],"77":[0,0],"78":[0,0],"79":[0,0],"80":[0,0],"81":[0,0],"82":[0,0],"83":[0,0],"84":[0,0],"85":[0,0],"86":[0,0],"87":[0,0]},"inputSourceMap":{"0":"{","1":"\"","2":"v","3":"e","4":"r","5":"s","6":"i","7":"o","8":"n","9":"\"","10":":","11":"3","12":",","13":"\"","14":"m","15":"a","16":"p","17":"p","18":"i","19":"n","20":"g","21":"s","22":"\"","23":":","24":"\"","25":";","26":";","27":";","28":";","29":";","30":"i","31":"B","32":"A","33":"G","34":"W","35":",","36":"U","37":"A","38":"A","39":"U","40":";","41":"i","42":"B","43":"A","44":"C","45":"V","46":",","47":"K","48":"A","49":"A","50":"K","51":";","52":"Q","53":"A","54":"C","55":"H","56":",","57":"Q","58":"A","59":"A","60":"Q","61":";","62":"Q","63":"A","64":"C","65":"R","66":",","67":"O","68":"A","69":"A","70":"O","71":",","72":"E","73":"A","74":"A","75":"E","76":",","77":"S","78":"A","79":"A","80":"S","81":";","82":"Q","83":"A","84":"C","85":"l","86":"B","87":",","88":"I","89":"A","90":"A","91":"I","92":";","93":";","94":";","95":";","96":";","97":";","98":";","99":";","100":";","101":";","102":";","103":";","104":";","105":";","106":";","107":";","108":";","109":";","110":";","111":";","112":";","113":";","114":";","115":";","116":";","117":";","118":";","119":";","120":";","121":";","122":";","123":";","124":";","125":";","126":";","127":";","128":";","129":";","130":";","131":";","132":";","133":";","134":";","135":";","136":";","137":";","138":";","139":";","140":";","141":";","142":";","143":";","144":"G","145":"A","146":"y","147":"Q","148":"f","149":",","150":"U","151":"A","152":"A","153":"i","154":"D","155":";","156":"m","157":"C","158":"A","159":"A","160":"9","161":"B","162":",","163":"G","164":"A","165":"A","166":"G","167":";","168":";","169":"G","170":"A","171":"C","172":"t","173":"B","174":",","175":"U","176":"A","177":"A","178":"2","179":"C","180":";","181":";","182":"G","183":"A","184":"G","185":"3","186":"C","187":",","188":"U","189":"A","190":"A","191":"i","192":"D","193":";","194":"m","195":"C","196":"A","197":"A","198":"9","199":"B","200":",","201":"G","202":"A","203":"A","204":"G","205":";","206":";","207":"G","208":"A","209":"C","210":"t","211":"B","212":",","213":"U","214":"A","215":"A","216":"2","217":"C","218":";","219":";","220":";","221":";","222":";","223":"8","224":"C","225":"A","226":"J","227":"z","228":"B","229":",","230":"G","231":"A","232":"A","233":"O","234":";","235":";","236":"8","237":"C","238":"A","239":"I","240":"P","241":",","242":"G","243":"A","244":"A","245":"O","246":";","247":";","248":";","249":";","250":";","251":";","252":";","253":"q","254":"D","255":"A","256":"L","257":"N","258":",","259":"G","260":"A","261":"A","262":"G","263":";","264":"o","265":"C","266":"A","267":"A","268":"H","269":",","270":"G","271":"A","272":"A","273":"G","274":";","275":";","276":";","277":"q","278":"D","279":"A","280":"I","281":"H","282":",","283":"G","284":"A","285":"A","286":"G","287":";","288":"o","289":"C","290":"A","291":"A","292":"H","293":",","294":"G","295":"A","296":"A","297":"G","298":";","299":";","300":";","301":";","302":";","303":";","304":";","305":";","306":";","307":";","308":";","309":";","310":";","311":";","312":";","313":";","314":";","315":";","316":";","317":";","318":";","319":";","320":";","321":";","322":";","323":";","324":";","325":";","326":";","327":";","328":";","329":";","330":";","331":";","332":";","333":";","334":";","335":";","336":";","337":";","338":"y","339":"B","340":"A","341":"e","342":"L","343":",","344":"G","345":"A","346":"A","347":"U","348":",","349":"Y","350":"A","351":"A","352":"C","353":",","354":"G","355":"A","356":"A","357":"G","358":",","359":"c","360":"A","361":"A","362":"E","363":",","364":"G","365":"A","366":"A","367":"G","368":";","369":";","370":";","371":";","372":";","373":";","374":";","375":";","376":";","377":";","378":";","379":"+","380":"D","381":"A","382":"L","383":"f","384":",","385":"G","386":"A","387":"A","388":"G","389":",","390":"O","391":"A","392":"A","393":"G","394":",","395":"C","396":"A","397":"A","398":"C","399":",","400":"a","401":"A","402":"A","403":"K","404":",","405":"G","406":"A","407":"A","408":"G","409":",","410":"O","411":"A","412":"A","413":"G","414":",","415":"C","416":"A","417":"A","418":"C","419":";","420":"K","421":"A","422":"A","423":"G","424":",","425":"O","426":"A","427":"A","428":"O","429":";","430":"K","431":"A","432":"A","433":"G","434":",","435":"O","436":"A","437":"A","438":"O","439":";","440":";","441":"i","442":"F","443":"A","444":"C","445":"l","446":"C","447":",","448":"G","449":"A","450":"A","451":"M","452":",","453":"k","454":"B","455":"A","456":"A","457":"E","458":",","459":"G","460":"A","461":"A","462":"M","463":";","464":"y","465":"D","466":"A","467":"C","468":"1","469":"B","470":",","471":"G","472":"A","473":"A","474":"M","475":",","476":"k","477":"B","478":"A","479":"A","480":"E","481":",","482":"G","483":"A","484":"A","485":"M","486":",","487":"s","488":"B","489":"A","490":"A","491":"E","492":",","493":"G","494":"A","495":"A","496":"U","497":",","498":"Y","499":"A","500":"A","501":"C","502":",","503":"G","504":"A","505":"A","506":"G","507":",","508":"c","509":"A","510":"A","511":"E","512":",","513":"G","514":"A","515":"A","516":"G","517":";","518":";","519":";","520":";","521":"G","522":"A","523":"H","524":"3","525":"C","526":",","527":"U","528":"A","529":"O","530":"K","531":";","532":";","533":";","534":";","535":";","536":";","537":";","538":"s","539":"E","540":"A","541":"D","542":"M","543":",","544":"G","545":"A","546":"A","547":"U","548":",","549":"Y","550":"A","551":"A","552":"C","553":",","554":"G","555":"A","556":"A","557":"G","558":",","559":"c","560":"A","561":"A","562":"E","563":",","564":"G","565":"A","566":"A","567":"G","568":";","569":";","570":";","571":"o","572":"G","573":"A","574":"H","575":"t","576":"B","577":",","578":"G","579":"A","580":"A","581":"M","582":",","583":"k","584":"B","585":"A","586":"A","587":"E","588":",","589":"G","590":"A","591":"A","592":"M","593":",","594":"s","595":"B","596":"A","597":"A","598":"E","599":",","600":"G","601":"A","602":"A","603":"U","604":",","605":"Y","606":"A","607":"A","608":"C","609":",","610":"G","611":"A","612":"A","613":"G","614":",","615":"c","616":"A","617":"A","618":"E","619":",","620":"G","621":"A","622":"A","623":"G","624":";","625":";","626":";","627":";","628":";","629":";","630":";","631":";","632":";","633":";","634":"u","635":"F","636":"A","637":"C","638":"t","639":"B","640":",","641":"Q","642":"A","643":"A","644":"Q","645":",","646":"E","647":"A","648":"A","649":"E","650":",","651":"I","652":"A","653":"A","654":"I","655":";","656":";","657":";","658":";","659":";","660":";","661":";","662":";","663":"s","664":"F","665":"A","666":"A","667":"d","668":",","669":"Q","670":"A","671":"A","672":"Q","673":",","674":"E","675":"A","676":"A","677":"E","678":",","679":"I","680":"A","681":"A","682":"I","683":";","684":";","685":";","686":";","687":";","688":";","689":";","690":";","691":";","692":";","693":";","694":";","695":";","696":";","697":";","698":";","699":";","700":";","701":";","702":";","703":";","704":";","705":";","706":";","707":";","708":";","709":"g","710":"C","711":"A","712":"L","713":"9","714":"B","715":",","716":"G","717":"A","718":"A","719":"O","720":";","721":";","722":";","723":";","724":"k","725":"C","726":"A","727":"A","728":"Z","729":",","730":"M","731":"A","732":"A","733":"I","734":";","735":";","736":";","737":";","738":";","739":";","740":";","741":";","742":";","743":";","744":";","745":";","746":";","747":";","748":";","749":";","750":";","751":";","752":";","753":";","754":";","755":";","756":";","757":";","758":";","759":";","760":";","761":";","762":"+","763":"B","764":"A","765":"A","766":"C","767":",","768":"G","769":"A","770":"A","771":"O","772":";","773":";","774":";","775":";","776":"i","777":"C","778":"A","779":"A","780":"Z","781":",","782":"M","783":"A","784":"A","785":"I","786":";","787":";","788":";","789":";","790":";","791":
[...]
,","1567":"Q","1568":"A","1569":"A","1570":"Q","1571":",","1572":"C","1573":"A","1574":"A","1575":"C","1576":",","1577":"K","1578":"A","1579":"A","1580":"K","1581":";","1582":";","1583":";","1584":";","1585":";","1586":";","1587":"E","1588":"A","1589":"A","1590":"8","1591":"C","1592":",","1593":"U","1594":"A","1595":"A","1596":"U","1597":",","1598":"C","1599":"A","1600":"A","1601":"C","1602":",","1603":"K","1604":"A","1605":"A","1606":"K","1607":",","1608":"E","1609":"A","1610":"A","1611":"E","1612":",","1613":"O","1614":"A","1615":"A","1616":"O","1617":";","1618":"E","1619":"A","1620":"A","1621":"G","1622":",","1623":"o","1624":"B","1625":"A","1626":"A","1627":"o","1628":"B","1629":";","1630":";","1631":";","1632":";","1633":";","1634":";","1635":";","1636":";","1637":";","1638":";","1639":";","1640":";","1641":";","1642":";","1643":";","1644":";","1645":";","1646":";","1647":";","1648":";","1649":";","1650":";","1651":";","1652":";","1653":";","1654":";","1655":";","1656":";","1657":";","1658":";","1659":";","1660":";","1661":";","1662":";","1663":";","1664":";","1665":";","1666":";","1667":";","1668":";","1669":";","1670":";","1671":";","1672":";","1673":";","1674":";","1675":";","1676":";","1677":";","1678":";","1679":";","1680":";","1681":";","1682":";","1683":";","1684":";","1685":";","1686":";","1687":";","1688":";","1689":";","1690":";","1691":";","1692":";","1693":";","1694":";","1695":";","1696":";","1697":";","1698":";","1699":";","1700":";","1701":";","1702":";","1703":";","1704":";","1705":";","1706":";","1707":";","1708":";","1709":";","1710":";","1711":";","1712":";","1713":";","1714":";","1715":";","1716":";","1717":";","1718":";","1719":";","1720":";","1721":";","1722":";","1723":";","1724":";","1725":";","1726":";","1727":";","1728":";","1729":";","1730":";","1731":";","1732":";","1733":";","1734":";","1735":";","1736":";","1737":";","1738":";","1739":";","1740":";","1741":";","1742":";","1743":";","1744":";","1745":";","1746":";","1747":";","1748":";","1749":";","1750":";","1751":";","1752":";","1753":";","1754":";","1755":";","1756":";","1757":";","1758":";","1759":";","1760":"\"","1761":",","1762":"\"","1763":"n","1764":"a","1765":"m","1766":"e","1767":"s","1768":"\"","1769":":","1770":"[","1771":"]","1772":",","1773":"\"","1774":"s","1775":"o","1776":"u","1777":"r","1778":"c","1779":"e","1780":"s","1781":"\"","1782":":","1783":"[","1784":"\"","1785":"M","1786":"o","1787":"v","1788":"e","1789":"V","1790":"i","1791":"e","1792":"w","1793":"e","1794":"r","1795":".","1796":"s","1797":"v","1798":"e","1799":"l","1800":"t","1801":"e","1802":"\"","1803":"]","1804":"}"}}
,"/Users/jayram/projects/svelte-chess-pgn/src/lib/Piece.svelte": {"path":"/Users/jayram/projects/svelte-chess-pgn/src/lib/Piece.svelte","statementMap":{"0":{"start":{"line":4,"column":195},"end":{"line":4,"column":221}},"1":{"start":{"line":5,"column":13},"end":{"line":5,"column":27}},"2":{"start":{"line":8,"column":1},"end":{"line":8,"column":378}},"3":{"start":{"line":16,"column":15},"end":{"line":48,"column":2}},"4":{"start":{"line":18,"column":3},"end":{"line":18,"column":24}},"5":{"start":{"line":19,"column":3},"end":{"line":19,"column":24}},"6":{"start":{"line":20,"column":3},"end":{"line":20,"column":106}},"7":{"start":{"line":20,"column":70},"end":{"line":20,"column":106}},"8":{"start":{"line":21,"column":3},"end":{"line":21,"column":41}},"9":{"start":{"line":22,"column":3},"end":{"line":22,"column":44}},"10":{"start":{"line":23,"column":3},"end":{"line":23,"column":40}},"11":{"start":{"line":24,"column":3},"end":{"line":24,"column":50}},"12":{"start":{"line":25,"column":3},"end":{"line":25,"column":40}},"13":{"start":{"line":28,"column":3},"end":{"line":28,"column":114}},"14":{"start":{"line":31,"column":3},"end":{"line":31,"column":35}},"15":{"start":{"line":32,"column":3},"end":{"line":32,"column":24}},"16":{"start":{"line":35,"column":3},"end":{"line":37,"column":4}},"17":{"start":{"line":36,"column":4},"end":{"line":36,"column":40}},"18":{"start":{"line":39,"column":3},"end":{"line":41,"column":4}},"19":{"start":{"line":40,"column":4},"end":{"line":40,"column":42}},"20":{"start":{"line":46,"column":3},"end":{"line":46,"column":34}},"21":{"start":{"line":46,"column":18},"end":{"line":46,"column":34}},"22":{"start":{"line":50,"column":1},"end":{"line":56,"column":4}},"23":{"start":{"line":58,"column":1},"end":{"line":58,"column":14}},"24":{"start":{"line":63,"column":40},"end":{"line":63,"column":47}},"25":{"start":{"line":64,"column":1},"end":{"line":64,"column":36}},"26":{"start":{"line":65,"column":22},"end":{"line":65,"column":29}},"27":{"start":{"line":67,"column":16},"end":{"line":81,"column":2}},"28":{"start":{"line":83,"column":24},"end":{"line":83,"column":32}},"29":{"start":{"line":85,"column":1},"end":{"line":87,"column":4}},"30":{"start":{"line":86,"column":2},"end":{"line":86,"column":146}},"31":{"start":{"line":86,"column":83},"end":{"line":86,"column":146}},"32":{"start":{"line":89,"column":1},"end":{"line":91,"column":3}},"33":{"start":{"line":90,"column":2},"end":{"line":90,"column":62}},"34":{"start":{"line":90,"column":25},"end":{"line":90,"column":62}},"35":{"start":{"line":93,"column":1},"end":{"line":93,"column":61}},"36":{"start":{"line":93,"column":32},"end":{"line":93,"column":59}},"37":{"start":{"line":95,"column":1},"end":{"line":98,"column":3}},"38":{"start":{"line":96,"column":2},"end":{"line":96,"column":62}},"39":{"start":{"line":96,"column":25},"end":{"line":96,"column":62}},"40":{"start":{"line":97,"column":2},"end":{"line":97,"column":77}},"41":{"start":{"line":97,"column":30},"end":{"line":97,"column":77}},"42":{"start":{"line":100,"column":1},"end":{"line":102,"column":2}},"43":{"start":{"line":101,"column":2},"end":{"line":101,"column":41}},"44":{"start":{"line":104,"column":1},"end":{"line":109,"column":3}},"45":{"start":{"line":105,"column":2},"end":{"line":108,"column":3}},"46":{"start":{"line":107,"column":3},"end":{"line":107,"column":48}},"47":{"start":{"line":107,"column":6},"end":{"line":107,"column":48}},"48":{"start":{"line":111,"column":1},"end":{"line":111,"column":26}},"49":{"start":{"line":116,"column":2},"end":{"line":116,"column":17}},"50":{"start":{"line":117,"column":2},"end":{"line":117,"column":87}},"51":{"start":{"line":119,"column":2},"end":{"line":124,"column":5}},"52":{"start":{"line":128,"column":2},"end":{"line":128,"column":24}},"53":{"start":{"line":132,"column":2},"end":{"line":132,"column":23}},"54":{"start":{"line":133,"column":2},"end":{"line":133,"column":10}},"55":{"start":{"line":137,"column":0},"end":{"line":137,"column":24}},"56":{"start":{"line":137,"column":24},"end":{"line":137,"column":86}}},"fnMap":{"0":{"name":"add_css","decl":{"start":{"line":7,"column":9},"end":{"line":7,"column":16}},"loc":{"start":{"line":7,"column":25},"end":{"line":9,"column":1}},"line":7},"1":{"name":"create_fragment","decl":{"start":{"line":11,"column":9},"end":{"line":11,"column":24}},"loc":{"start":{"line":11,"column":30},"end":{"line":59,"column":1}},"line":11},"2":{"name":"create","decl":{"start":{"line":17,"column":14},"end":{"line":17,"column":20}},"loc":{"start":{"line":17,"column":23},"end":{"line":26,"column":3}},"line":17},"3":{"name":"claim","decl":{"start":{"line":27,"column":14},"end":{"line":27,"column":19}},"loc":{"start":{"line":27,"column":27},"end":{"line":29,"column":3}},"line":27},"4":{"name":"mount","decl":{"start":{"line":30,"column":14},"end":{"line":30,"column":19}},"loc":{"start":{"line":30,"column":36},"end":{"line":33,"column":3}},"line":30},"5":{"name":"update","decl":{"start":{"line":34,"column":14},"end":{"line":34,"column":20}},"loc":{"start":{"line":34,"column":35},"end":{"line":42,"column":3}},"line":34},"6":{"name":"destroy","decl":{"start":{"line":45,"column":14},"end":{"line":45,"column":21}},"loc":{"start":{"line":45,"column":33},"end":{"line":47,"column":3}},"line":45},"7":{"name":"instance","decl":{"start":{"line":61,"column":9},"end":{"line":61,"column":17}},"loc":{"start":{"line":61,"column":49},"end":{"line":112,"column":1}},"line":61},"8":{"name":"(anonymous_8)","decl":{"start":{"line":85,"column":30},"end":{"line":85,"column":31}},"loc":{"start":{"line":85,"column":37},"end":{"line":87,"column":2}},"line":85},"9":{"name":"(anonymous_9)","decl":{"start":{"line":89,"column":16},"end":{"line":89,"column":17}},"loc":{"start":{"line":89,"column":27},"end":{"line":91,"column":2}},"line":89},"10":{"name":"(anonymous_10)","decl":{"start":{"line":93,"column":25},"end":{"line":93,"column":26}},"loc":{"start":{"line":93,"column":32},"end":{"line":93,"column":59}},"line":93},"11":{"name":"(anonymous_11)","decl":{"start":{"line":95,"column":24},"end":{"line":95,"column":25}},"loc":{"start":{"line":95,"column":35},"end":{"line":98,"column":2}},"line":95},"12":{"name":"(anonymous_12)","decl":{"start":{"line":104,"column":20},"end":{"line":104,"column":21}},"loc":{"start":{"line":104,"column":26},"end":{"line":109,"column":2}},"line":104},"13":{"name":"(anonymous_13)","decl":{"start":{"line":115,"column":1},"end":{"line":115,"column":2}},"loc":{"start":{"line":115,"column":22},"end":{"line":125,"column":2}},"line":115},"14":{"name":"(anonymous_14)","decl":{"start":{"line":127,"column":1},"end":{"line":127,"column":2}},"loc":{"start":{"line":127,"column":12},"end":{"line":129,"column":2}},"line":127},"15":{"name":"(anonymous_15)","decl":{"start":{"line":131,"column":1},"end":{"line":131,"column":2}},"loc":{"start":{"line":131,"column":16},"end":{"line":134,"column":2}},"line":131}},"branchMap":{"0":{"loc":{"start":{"line":20,"column":3},"end":{"line":20,"column":106}},"type":"if","locations":[{"start":{"line":20,"column":3},"end":{"line":20,"column":106}},{"start":{},"end":{}}],"line":20},"1":{"loc":{"start":{"line":35,"column":3},"end":{"line":37,"column":4}},"type":"if","locations":[{"start":{"line":35,"column":3},"end":{"line":37,"column":4}},{"start":{},"end":{}}],"line":35},"2":{"loc":{"start":{"line":35,"column":7},"end":{"line":35,"column":95}},"type":"binary-expr","locations":[{"start":{"line":35,"column":7},"end":{"line":35,"column":30}},{"start":{"line":35,"column":34},"end":{"line":35,"column":95}}],"line":35},"3":{"loc":{"start":{"line":39,"column":3},"end":{"line":41,"column":4}},"type":"if","locations":[{"start":{"line":39,"column":3},"end":{"line":41,"column":4}},{"start":{},"end":{}}],"line":39},"4":{"loc":{"start":{"line":46,"column":3},"end":{"line":46,"column":34}},"type":"if","locations":[{"start":{"line":46,"column":3},"end":{"line":46,"column":34}},{"start":{},"end":{}}],"line":46},"5":{"loc":{"start":{"line":63,"column":16},"end":{"line":63,"column":26}},"type":"default-arg","locations":[{"start":{"line":63,"column":24},"end":{"line":63,"column":26}}],"line":63},"6":{"loc":{"start":{"line":65,"column":7},"end":{"line":65,"column":17}},"type":"default-arg","locations":[{"start":{"line":65,"column":14},"end":{"line":65,"column":17}}],"line":65},"7":{"loc":{"start":{"line":86,"column":2},"end":{"line":86,"column":146}},"type":"if","locations":[{"start":{"line":86,"column":2},"end":{"line":86,"column":146}},{"start":{},"end":{}}],"line":86},"8":{"loc":{"start":{"line":86,"column":6},"end":{"line":86,"column":81}},"type":"binary-expr","locations":[{"start":{"line":86,"column":6},"end":{"line":86,"column":35}},{"start":{"line":86,"column":39},"end":{"line":86,"column":63}},{"start":{"line":86,"column":67},"end":{"line":86,"column":81}}],"line":86},"9":{"loc":{"start":{"line":90,"column":2},"end":{"line":90,"column":62}},"type":"if","locations":[{"start":{"line":90,"column":2},"end":{"line":90,"column":62}},{"start":{},"end":{}}],"line":90},"10":{"loc":{"start":{"line":96,"column":2},"end":{"line":96,"column":62}},"type":"if","locations":[{"start":{"line":96,"column":2},"end":{"line":96,"column":62}},{"start":{},"end":{}}],"line":96},"11":{"loc":{"start":{"line":97,"column":2},"end":{"line":97,"column":77}},"type":"if","locations":[{"start":{"line":97,"column":2},"end":{"line":97,"column":77}},{"start":{},"end":{}}],"line":97},"12":{"loc":{"start":{"line":100,"column":1},"end":{"line":102,"column":2}},"type":"if","locations":[{"start":{"line":100,"column":1},"end":{"line":102,"column":2}},{"start":{},"end":{}}],"line":100},"13":{"loc":{"start":{"line":100,"column":5},"end":{"line":100,"column":37}},"type":"binary-expr","locations":[{"start":{"line":100,"column":5},"end":{"line":100,"column":12}},{"start":{"line":100,"column":16},"end":{"line":100,"column":37}}],"line":100},"14":{"loc":{"start":{"line":105,"column":2},"end":{"line":108,"column":3}},"type":"if","locations":[{"start":{"line":105,"column":2},"end":{"line":108,"column":3}},{"start":{},"end":{}}],"line":105}},"s":{"0":0,"1":0,"2":0,"3":0,"4":0,"5":0,"6":0,"7":0,"8":0,"9":0,"10":0,"11":0,"12":0,"13":0,"14":0,"15":0,"16":0,"17":0,"18":0,"19":0,"20":0,"21":0,"22":0,"23":0,"24":0,"25":0,"26":0,"27":0,"28":0,"29":0,"30":0,"31":0,"32":0,"33":0,"34":0,"35":0,"36":0,"37":0,"38":0,"39":0,"40":0,"41":0,"42":0,"43":0,"44":0,"45":0,"46":0,"47":0,"48":0,"49":0,"50":0,"51":0,"52":0,"53":0,"54":0,"55":0,"56":0},"f":{"0":0,"1":0,"2":0,"3":0,"4":0,"5":0,"6":0,"7":0,"8":0,"9":0,"10":0,"11":0,"12":0,"13":0,"14":0,"15":0},"b":{"0":[0,0],"1":[0,0],"2":[0,0],"3":[0,0],"4":[0,0],"5":[0],"6":[0],"7":[0,0],"8":[0,0,0],"9":[0,0],"10":[0,0],"11":[0,0],"12":[0,0],"13":[0,0],"14":[0,0]},"inputSourceMap":{"0":"{","1":"\"","2":"v","3":"e","4":"r","5":"s","6":"i","7":"o","8":"n","9":"\"","10":":","11":"3","12":",","13":"\"","14":"m","15":"a","16":"p","17":"p","18":"i","19":"n","20":"g","21":"s","22":"\"","23":":","24":"\"","25":";","26":";","27":";","28":";","29":";","30":";","31":";","32":";","33":";","34":";","35":";","36":";","37":";","38":";","39":";","40":";","41":";","42":";","43":";","44":"6","45":"D","46":"A","47":"0","48":"B","49":"Y","50":",","51":"G","52":"A","53":"A","54":"S","55":";","56":"i","57":"C","58":"A","59":"A","60":"O","61":",","62":"G","63":"A","64":"A","65":"I","66":";","67":";","68":";","69":";","70":";","71":";","72":";","73":";","74":";","75":";","76":"G","77":"A","78":"D","79":"h","80":"C","81":",","82":"U","83":"A","84":"E","85":"K","86":";","87":"G","88":"A","89":"D","90":"H","91":",","92":"U","93":"A","94":"A","95":"i","96":"C","97":";","98":";","99":";","100":"w","101":"F","102":"A","103":"A","104":"v","105":"B","106":",","107":"G","108":"A","109":"A","110":"S","111":";","112":";","113":";","114":";","115":";","116":"k","117":"C","118":"A","119":"A","120":"O","121":",","122":"G","123":"A","124":"A","125":"I","126":";","127":";","128":";","129":";","130":";","131":";","132":";","133":";","134":";","135":";","136":";","137":";","138":";","139":";","140":";","141":";","142":";","143":";","144":";","145":";","146":";","147":";","148":";","149":";","150":";","151":"O","152":"A","153":"v","154":"B","155":"n","156":"B","157":",","158":"I","159":"A","160":"A","161":"I","162":",","163":"G","164":"A","165":"A","166":"G","167":",","168":"G","169":"A","170":"A","171":"G","172":";","173":";","174":"O","175":"A","176":"E","177":"f","178":",","179":"M","180":"A","181":"A","182":"M","183":";","184":"E","185":"A","186":"C","187":"V","188":",","189":"G","190":"A","191":"A","192":"G","193":",","194":"E","195":"A","196":"A","197":"E","198":",","199":"q","200":"E","201":"A","202":"A","203":"q","204":"E","205":";","206":"E","207":"A","208":"C","209":"1","210":"E","211":",","212":"G","213":"A","214":"A","215":"G","216":",","217":"E","218":"A","219":"A","220":"E","221":",","222":"q","223":"E","224":"A","225":"A","226":"q","227":"E","228":";","229":"E","230":"A","231":"C","232":"1","233":"E","234":",","235":"G","236":"A","237":"A","238":"G","239":",","240":"E","241":"A","242":"A","243":"E","244":",","245":"q","246":"E","247":"A","248":"A","249":"q","250":"E","251":";","252":"E","253":"A","254":"C","255":"1","256":"E","257":",","258":"G","259":"A","260":"A","261":"G","262":",","263":"E","264":"A","265":"A","266":"E","267":",","268":"q","269":"E","270":"A","271":"A","272":"q","273":"E","274":";","275":"E","276":"A","277":"C","278":"1","279":"E","280":",","281":"G","282":"A","283":"A","284":"G","285":",","286":"E","287":"A","288":"A","289":"E","290":",","291":"q","292":"E","293":"A","294":"A","295":"q","296":"E","297":";","298":"E","299":"A","300":"C","301":"1","302":"E","303":",","304":"G","305":"A","306":"A","307":"G","308":",","309":"E","310":"A","311":"A","312":"E","313":",","314":"q","315":"E","316":"A","317":"A","318":"q","319":"E","320":";","321":"E","322":"A","323":"C","324":"1","325":"E","326":",","327":"G","328":"A","329":"A","330":"G","331":",","332":"E","333":"A","334":"A","335":"E","336":",","337":"q","338":"E","339":"A","340":"A","341":"q","342":"E","343":";","344":"E","345":"A","346":"C","347":"1","348":"E","349":",","350":"G","351":"A","352":"A","353":"G","354":",","355":"E","356":"A","357":"A","358":"E","359":",","360":"q","361":"E","362":"A","363":"A","364":"q","365":"E","366":";","367":"E","368":"A","369":"C","370":"1","371":"E","372":",","373":"G","374":"A","375":"A","376":"G","377":",","378":"E","379":"A","380":"A","381":"E","382":",","383":"q","384":"E","385":"A","386":"A","387":"q","388":"E","389":";","390":"E","391":"A","392":"C","393":"1","394":"E","395":",","396":"G","397":"A","398":"A","399":"G","400":",","401":"E","402":"A","403":"A","404":"E","405":",","406":"q","407":"E","408":"A","409":"A","410":"q","411":"E","412":";","413":"E","414":"A","415":"C","416":"1","417":"E","418":",","419":"G","420":"A","421":"A","422":"G","423":",","424":"E","425":"A","426":"A","427":"E","428":",","429":"q","430":"E","431":"A","432":"A","433":"q","434":"E","435":";","436":"E","437":"A","438":"C","439":"1","440":"E","441":",","442":"G","443":"A","444":"A","445":"G","446":",","447":"E","448":"A","449":"A","450":"E","451":",","452":"q","453":"E","454":"A","455":"A","456":"q","457":"E","458":";","459":"E","460":"A","461":"C","462":"1","463":"E","464":",","465":"G","466":"A","467":"A","468":"G","469":",","470":"E","471":"A","472":"A","473":"E","474":",","475":"k","476":"E","477":"A","478":"A","479":"i","480":"E","481":";","482":";","483":";","484":";","485":";","486":";","487":";","488":";","489":";","490":";","491":";","492":";","493":";","494":";","495":";","496":";","497":";","498":";","499":";","500":";","501":";","502":";","503":";","504":";","505":";","506":";","507":";","508":"G","509":"A","510":"I","511":"x","512":"E","513":",","514":"C","515":"A","516":"A","517":"C","518":",","519":"k","520":"B","521":"A","522":"A","523":"E","524":",","525":"S","526":"A","527":"A","528":"S","529":",","530":"G","531":"A","532":"A","533":"G","534":",","535":"M","536":"A","537":"A","538":"M","539":",","540":"C","541":"A","542":"A","543":"C","544":",","545":"I","546":"A","547":"A","548":"I","549":";","550":";","551":";","552":";","553":";","554":";","555":";","556":";","557":";","558":";","559":";","560":";","561":";","562":";","563":";","564":";","565":";","566":";","567":";","568":";","569":";","570":";","571":";","572":";","573":";","574":";","575":";","576":";","577":";","578":";","579":"\"","580":",","581":"\"","582":"n","583":"a","584":"m","585":"e","586":"s","587":"\"","588":":","589":"[","590":"]","591":",","592":"\"","593":"s","594":"o","595":"u","596":"r","597":"c","598":"e","599":"s","600":"\"","601":":","602":"[","603":"\"","604":"P","605":"i","606":"e","607":"c","608":"e","609":".","610":"s","611":"v","612":"e","613":"l","614":"t","615":"e","616":"\"","617":"]","618":"}"}}
,"/Users/jayram/projects/svelte-chess-pgn/src/lib/index.js": {"path":"/Users/jayram/projects/svelte-chess-pgn/src/lib/index.js","statementMap":{"0":{"start":{"line":5,"column":25},"end":{"line":5,"column":30}}},"fnMap":{},"branchMap":{},"s":{"0":0},"f":{},"b":{}}
,"/Users/jayram/projects/svelte-chess-pgn/src/lib/main.js": {"path":"/Users/jayram/projects/svelte-chess-pgn/src/lib/main.js","statementMap":{"0":{"start":{"line":3,"column":12},"end":{"line":5,"column":2}}},"fnMap":{},"branchMap":{},"s":{"0":0},"f":{},"b":{}}
}
