TN:
SF:src/chess.js
FN:3,FENtoBoard
FN:5,(anonymous_1)
FN:15,(anonymous_2)
FN:18,pgnToFen
FN:125,(anonymous_4)
FN:126,(anonymous_5)
FN:128,(anonymous_6)
FNF:7
FNH:7
FNDA:5,FENtoBoard
FNDA:40,(anonymous_1)
FNDA:320,(anonymous_2)
FNDA:2,pgnToFen
FNDA:2,(anonymous_4)
FNDA:16,(anonymous_5)
FNDA:16,(anonymous_6)
DA:1,1
DA:4,5
DA:5,40
DA:6,40
DA:7,40
DA:8,40
DA:9,40
DA:10,40
DA:11,40
DA:12,40
DA:14,5
DA:15,320
DA:16,5
DA:19,2
DA:20,2
DA:21,2
DA:22,2
DA:23,2
DA:24,2
DA:26,2
DA:41,2
DA:42,3
DA:44,1
DA:45,2
DA:47,0
DA:48,0
DA:50,0
DA:52,0
DA:53,0
DA:54,0
DA:55,0
DA:57,0
DA:58,0
DA:60,0
DA:61,0
DA:63,2
DA:65,0
DA:66,0
DA:68,0
DA:70,0
DA:71,0
DA:72,0
DA:73,0
DA:75,0
DA:76,0
DA:77,0
DA:79,0
DA:83,2
DA:84,2
DA:85,2
DA:86,2
DA:87,2
DA:88,2
DA:89,0
DA:91,1
DA:93,1
DA:94,1
DA:95,0
DA:97,1
DA:98,0
DA:100,1
DA:101,1
DA:102,1
DA:104,0
DA:108,1
DA:112,1
DA:113,1
DA:122,1
DA:125,1
DA:126,2
DA:127,16
DA:128,16
DA:131,1
LF:73
LH:47
BRDA:42,0,0,1
BRDA:42,0,1,2
BRDA:45,1,0,0
BRDA:45,1,1,2
BRDA:47,2,0,0
BRDA:47,2,1,0
BRDA:54,3,0,0
BRDA:54,3,1,0
BRDA:57,4,0,0
BRDA:57,4,1,0
BRDA:63,5,0,0
BRDA:63,5,1,2
BRDA:65,6,0,0
BRDA:65,6,1,0
BRDA:72,7,0,0
BRDA:72,7,1,0
BRDA:75,8,0,0
BRDA:75,8,1,0
BRDA:86,9,0,0
BRDA:86,9,1,2
BRDA:88,10,0,0
BRDA:88,10,1,1
BRDA:88,11,0,2
BRDA:88,11,1,0
BRDA:94,12,0,0
BRDA:94,12,1,1
BRDA:97,13,0,0
BRDA:97,13,1,1
BRDA:100,14,0,1
BRDA:100,14,1,0
BRDA:127,15,0,8
BRDA:127,15,1,8
BRDA:128,16,0,8
BRDA:128,16,1,8
BRF:34
BRH:14
end_of_record
TN:
SF:src/main.js
FNF:0
FNH:0
DA:3,0
LF:1
LH:0
BRF:0
BRH:0
end_of_record
