TN:
SF:src/lib/App.svelte
FN:8,create_fragment
FN:27,create
FN:30,claim
FN:33,mount
FN:38,intro
FN:43,outro
FN:47,destroy
FN:63,instance
FN:68,(anonymous_8)
FN:72,(anonymous_9)
FN:77,(anonymous_10)
FNF:11
FNH:0
FNDA:0,create_fragment
FNDA:0,create
FNDA:0,claim
FNDA:0,mount
FNDA:0,intro
FNDA:0,outro
FNDA:0,destroy
FNDA:0,instance
FNDA:0,(anonymous_8)
FNDA:0,(anonymous_9)
FNDA:0,(anonymous_10)
DA:4,0
DA:5,0
DA:6,0
DA:12,0
DA:26,0
DA:28,0
DA:31,0
DA:34,0
DA:35,0
DA:39,0
DA:40,0
DA:41,0
DA:44,0
DA:45,0
DA:48,0
DA:52,0
DA:60,0
DA:64,0
DA:65,0
DA:66,0
DA:68,0
DA:69,0
DA:72,0
DA:73,0
DA:78,0
DA:79,0
DA:81,0
DA:90,0
LF:28
LH:0
BRDA:39,0,0,0
BRDA:39,0,1,0
BRDA:64,1,0,0
BRDA:69,2,0,0
BRDA:69,2,1,0
BRDA:69,3,0,0
BRDA:69,3,1,0
BRDA:69,3,2,0
BRF:8
BRH:0
end_of_record
TN:
SF:src/lib/Board.svelte
FN:13,add_css
FN:17,get_each_context
FN:24,get_each_context_1
FN:32,create_if_block
FN:44,create
FN:61,mount
FN:83,update
FN:92,destroy
FN:117,create_each_block_1
FN:135,create
FN:148,mount
FN:154,update
FN:163,intro
FN:167,(anonymous_13)
FN:175,outro
FN:181,destroy
FN:200,create_each_block
FN:211,(anonymous_17)
FN:211,(anonymous_18)
FN:216,create
FN:223,mount
FN:233,update
FN:262,intro
FN:271,outro
FN:280,destroy
FN:297,create_fragment
FN:314,(anonymous_26)
FN:314,(anonymous_27)
FN:330,create
FN:350,claim
FN:353,mount
FN:370,update
FN:417,intro
FN:427,outro
FN:437,destroy
FN:457,validateFEN
FN:521,fenToBoard
FN:525,(anonymous_37)
FN:542,instance
FN:555,(anonymous_39)
FN:559,(anonymous_40)
FN:570,loadFEN
FN:587,loadPGN
FN:595,handleMove
FN:616,handleUndo
FN:626,handleRedo
FN:636,handleGlobalKeyDown
FN:646,(anonymous_47)
FN:654,(anonymous_48)
FN:664,updateBoard
FN:691,(anonymous_50)
FN:695,input0_input_handler
FN:700,input1_input_handler
FN:705,(anonymous_53)
FN:711,(anonymous_54)
FN:743,(anonymous_55)
FN:762,(anonymous_56)
FN:793,(anonymous_57)
FN:818,(anonymous_58)
FN:822,(anonymous_59)
FN:827,(anonymous_60)
FN:831,(anonymous_61)
FN:836,(anonymous_62)
FN:840,(anonymous_63)
FNF:64
FNH:0
FNDA:0,add_css
FNDA:0,get_each_context
FNDA:0,get_each_context_1
FNDA:0,create_if_block
FNDA:0,create
FNDA:0,mount
FNDA:0,update
FNDA:0,destroy
FNDA:0,create_each_block_1
FNDA:0,create
FNDA:0,mount
FNDA:0,update
FNDA:0,intro
FNDA:0,(anonymous_13)
FNDA:0,outro
FNDA:0,destroy
FNDA:0,create_each_block
FNDA:0,(anonymous_17)
FNDA:0,(anonymous_18)
FNDA:0,create
FNDA:0,mount
FNDA:0,update
FNDA:0,intro
FNDA:0,outro
FNDA:0,destroy
FNDA:0,create_fragment
FNDA:0,(anonymous_26)
FNDA:0,(anonymous_27)
FNDA:0,create
FNDA:0,claim
FNDA:0,mount
FNDA:0,update
FNDA:0,intro
FNDA:0,outro
FNDA:0,destroy
FNDA:0,validateFEN
FNDA:0,fenToBoard
FNDA:0,(anonymous_37)
FNDA:0,instance
FNDA:0,(anonymous_39)
FNDA:0,(anonymous_40)
FNDA:0,loadFEN
FNDA:0,loadPGN
FNDA:0,handleMove
FNDA:0,handleUndo
FNDA:0,handleRedo
FNDA:0,handleGlobalKeyDown
FNDA:0,(anonymous_47)
FNDA:0,(anonymous_48)
FNDA:0,updateBoard
FNDA:0,(anonymous_50)
FNDA:0,input0_input_handler
FNDA:0,input1_input_handler
FNDA:0,(anonymous_53)
FNDA:0,(anonymous_54)
FNDA:0,(anonymous_55)
FNDA:0,(anonymous_56)
FNDA:0,(anonymous_57)
FNDA:0,(anonymous_58)
FNDA:0,(anonymous_59)
FNDA:0,(anonymous_60)
FNDA:0,(anonymous_61)
FNDA:0,(anonymous_62)
FNDA:0,(anonymous_63)
DA:4,0
DA:5,0
DA:6,0
DA:7,0
DA:8,0
DA:9,0
DA:10,0
DA:11,0
DA:14,0
DA:18,0
DA:19,0
DA:20,0
DA:21,0
DA:25,0
DA:26,0
DA:27,0
DA:28,0
DA:43,0
DA:45,0
DA:46,0
DA:47,0
DA:48,0
DA:49,0
DA:50,0
DA:51,0
DA:52,0
DA:53,0
DA:54,0
DA:55,0
DA:56,0
DA:57,0
DA:58,0
DA:59,0
DA:62,0
DA:63,0
DA:64,0
DA:65,0
DA:66,0
DA:67,0
DA:68,0
DA:69,0
DA:70,0
DA:72,0
DA:73,0
DA:80,0
DA:84,0
DA:85,0
DA:88,0
DA:89,0
DA:93,0
DA:94,0
DA:95,0
DA:96,0
DA:97,0
DA:98,0
DA:99,0
DA:100,0
DA:101,0
DA:105,0
DA:113,0
DA:127,0
DA:134,0
DA:136,0
DA:137,0
DA:138,0
DA:140,0
DA:144,0
DA:145,0
DA:146,0
DA:149,0
DA:150,0
DA:151,0
DA:152,0
DA:155,0
DA:156,0
DA:157,0
DA:159,0
DA:160,0
DA:164,0
DA:165,0
DA:167,0
DA:168,0
DA:169,0
DA:170,0
DA:173,0
DA:176,0
DA:177,0
DA:178,0
DA:179,0
DA:182,0
DA:183,0
DA:184,0
DA:188,0
DA:196,0
DA:203,0
DA:204,0
DA:205,0
DA:207,0
DA:208,0
DA:211,0
DA:212,0
DA:215,0
DA:217,0
DA:218,0
DA:221,0
DA:224,0
DA:225,0
DA:226,0
DA:230,0
DA:231,0
DA:234,0
DA:235,0
DA:236,0
DA:239,0
DA:240,0
DA:242,0
DA:243,0
DA:244,0
DA:246,0
DA:247,0
DA:248,0
DA:249,0
DA:253,0
DA:255,0
DA:256,0
DA:259,0
DA:263,0
DA:265,0
DA:266,0
DA:269,0
DA:272,0
DA:274,0
DA:275,0
DA:278,0
DA:281,0
DA:282,0
DA:286,0
DA:294,0
DA:305,0
DA:306,0
DA:307,0
DA:308,0
DA:310,0
DA:311,0
DA:314,0
DA:315,0
DA:318,0
DA:329,0
DA:331,0
DA:332,0
DA:333,0
DA:334,0
DA:335,0
DA:337,0
DA:338,0
DA:341,0
DA:342,0
DA:343,0
DA:344,0
DA:345,0
DA:346,0
DA:347,0
DA:348,0
DA:351,0
DA:354,0
DA:355,0
DA:356,0
DA:357,0
DA:358,0
DA:360,0
DA:361,0
DA:362,0
DA:366,0
DA:367,0
DA:368,0
DA:371,0
DA:372,0
DA:373,0
DA:375,0
DA:376,0
DA:377,0
DA:379,0
DA:380,0
DA:381,0
DA:384,0
DA:385,0
DA:386,0
DA:389,0
DA:390,0
DA:392,0
DA:393,0
DA:394,0
DA:396,0
DA:397,0
DA:398,0
DA:399,0
DA:403,0
DA:405,0
DA:406,0
DA:409,0
DA:412,0
DA:413,0
DA:414,0
DA:415,0
DA:418,0
DA:420,0
DA:421,0
DA:424,0
DA:425,0
DA:428,0
DA:430,0
DA:431,0
DA:434,0
DA:435,0
DA:438,0
DA:439,0
DA:440,0
DA:441,0
DA:442,0
DA:446,0
DA:454,0
DA:458,0
DA:460,0
DA:461,0
DA:464,0
DA:467,0
DA:469,0
DA:470,0
DA:473,0
DA:474,0
DA:476,0
DA:477,0
DA:478,0
DA:479,0
DA:482,0
DA:484,0
DA:488,0
DA:489,0
DA:494,0
DA:495,0
DA:499,0
DA:500,0
DA:504,0
DA:505,0
DA:509,0
DA:510,0
DA:513,0
DA:522,0
DA:523,0
DA:525,0
DA:526,0
DA:528,0
DA:529,0
DA:530,0
DA:532,0
DA:536,0
DA:539,0
DA:544,0
DA:545,0
DA:546,0
DA:547,0
DA:548,0
DA:549,0
DA:550,0
DA:551,0
DA:552,0
DA:553,0
DA:554,0
DA:555,0
DA:556,0
DA:559,0
DA:560,0
DA:563,0
DA:564,0
DA:565,0
DA:571,0
DA:572,0
DA:573,0
DA:574,0
DA:575,0
DA:576,0
DA:578,0
DA:588,0
DA:589,0
DA:590,0
DA:591,0
DA:592,0
DA:597,0
DA:600,0
DA:601,0
DA:602,0
DA:604,0
DA:605,0
DA:606,0
DA:610,0
DA:613,0
DA:617,0
DA:619,0
DA:620,0
DA:623,0
DA:627,0
DA:629,0
DA:630,0
DA:633,0
DA:637,0
DA:638,0
DA:641,0
DA:642,0
DA:646,0
DA:647,0
DA:648,0
DA:651,0
DA:654,0
DA:655,0
DA:656,0
DA:666,0
DA:668,0
DA:669,0
DA:670,0
DA:674,0
DA:675,0
DA:677,0
DA:678,0
DA:679,0
DA:684,0
DA:686,0
DA:689,0
DA:691,0
DA:692,0
DA:696,0
DA:697,0
DA:701,0
DA:702,0
DA:705,0
DA:706,0
DA:707,0
DA:708,0
DA:711,0
DA:743,0
DA:744,0
DA:745,0
DA:746,0
DA:747,0
DA:748,0
DA:749,0
DA:750,0
DA:751,0
DA:752,0
DA:753,0
DA:754,0
DA:755,0
DA:758,0
DA:759,0
DA:762,0
DA:763,0
DA:764,0
DA:765,0
DA:770,0
DA:794,0
DA:796,0
DA:810,0
DA:819,0
DA:823,0
DA:824,0
DA:828,0
DA:832,0
DA:833,0
DA:837,0
DA:841,0
DA:842,0
DA:846,0
LF:371
LH:0
BRDA:72,0,0,0
BRDA:72,0,1,0
BRDA:84,1,0,0
BRDA:84,1,1,0
BRDA:84,2,0,0
BRDA:84,2,1,0
BRDA:88,3,0,0
BRDA:88,3,1,0
BRDA:88,4,0,0
BRDA:88,4,1,0
BRDA:93,5,0,0
BRDA:93,5,1,0
BRDA:94,6,0,0
BRDA:94,6,1,0
BRDA:95,7,0,0
BRDA:95,7,1,0
BRDA:96,8,0,0
BRDA:96,8,1,0
BRDA:97,9,0,0
BRDA:97,9,1,0
BRDA:98,10,0,0
BRDA:98,10,1,0
BRDA:99,11,0,0
BRDA:99,11,1,0
BRDA:140,12,0,0
BRDA:140,12,1,0
BRDA:156,13,0,0
BRDA:156,13,1,0
BRDA:159,14,0,0
BRDA:159,14,1,0
BRDA:159,15,0,0
BRDA:159,15,1,0
BRDA:159,15,2,0
BRDA:164,16,0,0
BRDA:164,16,1,0
BRDA:168,17,0,0
BRDA:168,17,1,0
BRDA:169,18,0,0
BRDA:169,18,1,0
BRDA:177,19,0,0
BRDA:177,19,1,0
BRDA:182,20,0,0
BRDA:182,20,1,0
BRDA:184,21,0,0
BRDA:184,21,1,0
BRDA:184,22,0,0
BRDA:184,22,1,0
BRDA:225,23,0,0
BRDA:225,23,1,0
BRDA:234,24,0,0
BRDA:234,24,1,0
BRDA:242,25,0,0
BRDA:242,25,1,0
BRDA:263,26,0,0
BRDA:263,26,1,0
BRDA:282,27,0,0
BRDA:282,27,1,0
BRDA:305,28,0,0
BRDA:305,28,1,0
BRDA:331,29,0,0
BRDA:331,29,1,0
BRDA:354,30,0,0
BRDA:354,30,1,0
BRDA:361,31,0,0
BRDA:361,31,1,0
BRDA:371,32,0,0
BRDA:371,32,1,0
BRDA:372,33,0,0
BRDA:372,33,1,0
BRDA:379,34,0,0
BRDA:379,34,1,0
BRDA:384,35,0,0
BRDA:384,35,1,0
BRDA:392,36,0,0
BRDA:392,36,1,0
BRDA:413,37,0,0
BRDA:413,37,1,0
BRDA:414,38,0,0
BRDA:414,38,1,0
BRDA:418,39,0,0
BRDA:418,39,1,0
BRDA:438,40,0,0
BRDA:438,40,1,0
BRDA:439,41,0,0
BRDA:439,41,1,0
BRDA:440,42,0,0
BRDA:440,42,1,0
BRDA:460,43,0,0
BRDA:460,43,1,0
BRDA:469,44,0,0
BRDA:469,44,1,0
BRDA:477,45,0,0
BRDA:477,45,1,0
BRDA:478,46,0,0
BRDA:478,46,1,0
BRDA:488,47,0,0
BRDA:488,47,1,0
BRDA:494,48,0,0
BRDA:494,48,1,0
BRDA:499,49,0,0
BRDA:499,49,1,0
BRDA:504,50,0,0
BRDA:504,50,1,0
BRDA:509,51,0,0
BRDA:509,51,1,0
BRDA:509,52,0,0
BRDA:509,52,1,0
BRDA:529,53,0,0
BRDA:529,53,1,0
BRDA:544,54,0,0
BRDA:547,55,0,0
BRDA:548,56,0,0
BRDA:549,57,0,0
BRDA:571,58,0,0
BRDA:571,58,1,0
BRDA:604,59,0,0
BRDA:604,59,1,0
BRDA:619,60,0,0
BRDA:619,60,1,0
BRDA:629,61,0,0
BRDA:629,61,1,0
BRDA:637,62,0,0
BRDA:637,62,1,0
BRDA:641,63,0,0
BRDA:641,63,1,0
BRDA:647,64,0,0
BRDA:647,64,1,0
BRDA:655,65,0,0
BRDA:655,65,1,0
BRDA:668,66,0,0
BRDA:668,66,1,0
BRDA:677,67,0,0
BRDA:677,67,1,0
BRDA:692,68,0,0
BRDA:692,68,1,0
BRDA:692,69,0,0
BRDA:692,69,1,0
BRDA:692,69,2,0
BRDA:706,70,0,0
BRDA:706,70,1,0
BRDA:707,71,0,0
BRDA:707,71,1,0
BRDA:708,72,0,0
BRDA:708,72,1,0
BRDA:744,73,0,0
BRDA:744,73,1,0
BRDA:745,74,0,0
BRDA:745,74,1,0
BRDA:746,75,0,0
BRDA:746,75,1,0
BRDA:747,76,0,0
BRDA:747,76,1,0
BRDA:748,77,0,0
BRDA:748,77,1,0
BRDA:749,78,0,0
BRDA:749,78,1,0
BRDA:750,79,0,0
BRDA:750,79,1,0
BRDA:751,80,0,0
BRDA:751,80,1,0
BRDA:752,81,0,0
BRDA:752,81,1,0
BRDA:753,82,0,0
BRDA:753,82,1,0
BRDA:754,83,0,0
BRDA:754,83,1,0
BRDA:755,84,0,0
BRDA:755,84,1,0
BRDA:758,85,0,0
BRDA:758,85,1,0
BRDA:758,86,0,0
BRDA:758,86,1,0
BRDA:763,87,0,0
BRDA:763,87,1,0
BRF:174
BRH:0
end_of_record
TN:
SF:src/lib/MoveViewer.svelte
FN:9,add_css
FN:13,get_each_context
FN:22,create_if_block
FN:33,create
FN:43,mount
FN:52,update
FN:77,destroy
FN:95,create_else_block
FN:103,(anonymous_8)
FN:104,(anonymous_9)
FN:106,click_handler_1
FN:111,create
FN:118,mount
FN:129,update
FN:139,destroy
FN:159,create_if_block_1
FN:167,(anonymous_16)
FN:168,(anonymous_17)
FN:170,click_handler
FN:175,create
FN:182,mount
FN:193,update
FN:203,destroy
FN:223,create_each_block
FN:226,select_block_type
FN:235,create
FN:239,mount
FN:243,update
FN:256,destroy
FN:273,create_fragment
FN:284,create
FN:297,claim
FN:300,mount
FN:313,(anonymous_33)
FN:324,(anonymous_34)
FN:337,update
FN:355,destroy
FN:374,displayMove
FN:382,instance
FN:394,(anonymous_39)
FN:402,(anonymous_40)
FN:410,handleGlobalKeyDown
FN:420,scrollToSelectedMove
FN:430,(anonymous_43)
FN:450,(anonymous_44)
FN:454,button_binding
FN:455,(anonymous_46)
FN:461,(anonymous_47)
FN:466,button_binding_1
FN:467,(anonymous_49)
FN:473,(anonymous_50)
FN:478,(anonymous_51)
FN:486,(anonymous_52)
FN:503,(anonymous_53)
FN:533,(anonymous_54)
FN:560,(anonymous_55)
FN:564,(anonymous_56)
FN:569,(anonymous_57)
FN:573,(anonymous_58)
FN:578,(anonymous_59)
FN:582,(anonymous_60)
FN:587,(anonymous_61)
FN:591,(anonymous_62)
FN:596,(anonymous_63)
FN:600,(anonymous_64)
FNF:65
FNH:0
FNDA:0,add_css
FNDA:0,get_each_context
FNDA:0,create_if_block
FNDA:0,create
FNDA:0,mount
FNDA:0,update
FNDA:0,destroy
FNDA:0,create_else_block
FNDA:0,(anonymous_8)
FNDA:0,(anonymous_9)
FNDA:0,click_handler_1
FNDA:0,create
FNDA:0,mount
FNDA:0,update
FNDA:0,destroy
FNDA:0,create_if_block_1
FNDA:0,(anonymous_16)
FNDA:0,(anonymous_17)
FNDA:0,click_handler
FNDA:0,create
FNDA:0,mount
FNDA:0,update
FNDA:0,destroy
FNDA:0,create_each_block
FNDA:0,select_block_type
FNDA:0,create
FNDA:0,mount
FNDA:0,update
FNDA:0,destroy
FNDA:0,create_fragment
FNDA:0,create
FNDA:0,claim
FNDA:0,mount
FNDA:0,(anonymous_33)
FNDA:0,(anonymous_34)
FNDA:0,update
FNDA:0,destroy
FNDA:0,displayMove
FNDA:0,instance
FNDA:0,(anonymous_39)
FNDA:0,(anonymous_40)
FNDA:0,handleGlobalKeyDown
FNDA:0,scrollToSelectedMove
FNDA:0,(anonymous_43)
FNDA:0,(anonymous_44)
FNDA:0,button_binding
FNDA:0,(anonymous_46)
FNDA:0,(anonymous_47)
FNDA:0,button_binding_1
FNDA:0,(anonymous_49)
FNDA:0,(anonymous_50)
FNDA:0,(anonymous_51)
FNDA:0,(anonymous_52)
FNDA:0,(anonymous_53)
FNDA:0,(anonymous_54)
FNDA:0,(anonymous_55)
FNDA:0,(anonymous_56)
FNDA:0,(anonymous_57)
FNDA:0,(anonymous_58)
FNDA:0,(anonymous_59)
FNDA:0,(anonymous_60)
FNDA:0,(anonymous_61)
FNDA:0,(anonymous_62)
FNDA:0,(anonymous_63)
FNDA:0,(anonymous_64)
DA:4,0
DA:5,0
DA:6,0
DA:7,0
DA:10,0
DA:14,0
DA:15,0
DA:16,0
DA:17,0
DA:18,0
DA:24,0
DA:25,0
DA:26,0
DA:28,0
DA:29,0
DA:32,0
DA:34,0
DA:36,0
DA:37,0
DA:40,0
DA:41,0
DA:44,0
DA:46,0
DA:47,0
DA:48,0
DA:53,0
DA:54,0
DA:55,0
DA:58,0
DA:59,0
DA:61,0
DA:62,0
DA:64,0
DA:65,0
DA:66,0
DA:70,0
DA:71,0
DA:74,0
DA:78,0
DA:79,0
DA:83,0
DA:91,0
DA:97,0
DA:100,0
DA:103,0
DA:104,0
DA:107,0
DA:110,0
DA:112,0
DA:113,0
DA:114,0
DA:115,0
DA:116,0
DA:119,0
DA:120,0
DA:121,0
DA:122,0
DA:124,0
DA:125,0
DA:126,0
DA:130,0
DA:131,0
DA:133,0
DA:134,0
DA:135,0
DA:136,0
DA:140,0
DA:141,0
DA:142,0
DA:143,0
DA:147,0
DA:155,0
DA:161,0
DA:164,0
DA:167,0
DA:168,0
DA:171,0
DA:174,0
DA:176,0
DA:177,0
DA:178,0
DA:179,0
DA:180,0
DA:183,0
DA:184,0
DA:185,0
DA:186,0
DA:188,0
DA:189,0
DA:190,0
DA:194,0
DA:195,0
DA:197,0
DA:198,0
DA:199,0
DA:200,0
DA:204,0
DA:205,0
DA:206,0
DA:207,0
DA:211,0
DA:219,0
DA:227,0
DA:228,0
DA:231,0
DA:232,0
DA:234,0
DA:236,0
DA:237,0
DA:240,0
DA:241,0
DA:244,0
DA:245,0
DA:247,0
DA:248,0
DA:250,0
DA:251,0
DA:252,0
DA:257,0
DA:258,0
DA:262,0
DA:270,0
DA:281,0
DA:283,0
DA:285,0
DA:286,0
DA:287,0
DA:288,0
DA:289,0
DA:290,0
DA:291,0
DA:292,0
DA:293,0
DA:294,0
DA:295,0
DA:298,0
DA:301,0
DA:302,0
DA:303,0
DA:304,0
DA:305,0
DA:306,0
DA:308,0
DA:309,0
DA:314,0
DA:325,0
DA:334,0
DA:338,0
DA:340,0
DA:341,0
DA:342,0
DA:344,0
DA:345,0
DA:346,0
DA:348,0
DA:349,0
DA:350,0
DA:356,0
DA:357,0
DA:358,0
DA:359,0
DA:363,0
DA:371,0
DA:375,0
DA:376,0
DA:378,0
DA:383,0
DA:384,0
DA:385,0
DA:386,0
DA:387,0
DA:388,0
DA:389,0
DA:390,0
DA:391,0
DA:392,0
DA:394,0
DA:395,0
DA:396,0
DA:399,0
DA:402,0
DA:403,0
DA:404,0
DA:407,0
DA:411,0
DA:412,0
DA:415,0
DA:416,0
DA:421,0
DA:422,0
DA:430,0
DA:431,0
DA:432,0
DA:435,0
DA:436,0
DA:439,0
DA:440,0
DA:443,0
DA:444,0
DA:448,0
DA:450,0
DA:451,0
DA:455,0
DA:456,0
DA:457,0
DA:461,0
DA:462,0
DA:463,0
DA:467,0
DA:468,0
DA:469,0
DA:473,0
DA:474,0
DA:475,0
DA:478,0
DA:479,0
DA:480,0
DA:481,0
DA:482,0
DA:483,0
DA:486,0
DA:503,0
DA:504,0
DA:505,0
DA:506,0
DA:507,0
DA:508,0
DA:509,0
DA:510,0
DA:513,0
DA:514,0
DA:517,0
DA:534,0
DA:536,0
DA:552,0
DA:561,0
DA:565,0
DA:566,0
DA:570,0
DA:574,0
DA:575,0
DA:579,0
DA:583,0
DA:584,0
DA:588,0
DA:592,0
DA:593,0
DA:597,0
DA:601,0
DA:602,0
DA:606,0
LF:251
LH:0
BRDA:47,0,0,0
BRDA:47,0,1,0
BRDA:53,1,0,0
BRDA:53,1,1,0
BRDA:61,2,0,0
BRDA:61,2,1,0
BRDA:78,3,0,0
BRDA:78,3,1,0
BRDA:124,4,0,0
BRDA:124,4,1,0
BRDA:131,5,0,0
BRDA:131,5,1,0
BRDA:131,6,0,0
BRDA:131,6,1,0
BRDA:133,7,0,0
BRDA:133,7,1,0
BRDA:140,8,0,0
BRDA:140,8,1,0
BRDA:188,9,0,0
BRDA:188,9,1,0
BRDA:195,10,0,0
BRDA:195,10,1,0
BRDA:195,11,0,0
BRDA:195,11,1,0
BRDA:197,12,0,0
BRDA:197,12,1,0
BRDA:204,13,0,0
BRDA:204,13,1,0
BRDA:227,14,0,0
BRDA:227,14,1,0
BRDA:244,15,0,0
BRDA:244,15,1,0
BRDA:244,16,0,0
BRDA:244,16,1,0
BRDA:250,17,0,0
BRDA:250,17,1,0
BRDA:258,18,0,0
BRDA:258,18,1,0
BRDA:281,19,0,0
BRDA:281,19,1,0
BRDA:286,20,0,0
BRDA:286,20,1,0
BRDA:302,21,0,0
BRDA:302,21,1,0
BRDA:308,22,0,0
BRDA:308,22,1,0
BRDA:314,23,0,0
BRDA:314,23,1,0
BRDA:325,24,0,0
BRDA:325,24,1,0
BRDA:340,25,0,0
BRDA:340,25,1,0
BRDA:341,26,0,0
BRDA:341,26,1,0
BRDA:348,27,0,0
BRDA:348,27,1,0
BRDA:356,28,0,0
BRDA:356,28,1,0
BRDA:357,29,0,0
BRDA:357,29,1,0
BRDA:375,30,0,0
BRDA:375,30,1,0
BRDA:383,31,0,0
BRDA:387,32,0,0
BRDA:395,33,0,0
BRDA:395,33,1,0
BRDA:403,34,0,0
BRDA:403,34,1,0
BRDA:411,35,0,0
BRDA:411,35,1,0
BRDA:415,36,0,0
BRDA:415,36,1,0
BRDA:421,37,0,0
BRDA:421,37,1,0
BRDA:431,38,0,0
BRDA:431,38,1,0
BRDA:431,39,0,0
BRDA:431,39,1,0
BRDA:431,40,0,0
BRDA:431,40,1,0
BRDA:435,41,0,0
BRDA:435,41,1,0
BRDA:435,42,0,0
BRDA:435,42,1,0
BRDA:435,43,0,0
BRDA:435,43,1,0
BRDA:439,44,0,0
BRDA:439,44,1,0
BRDA:439,45,0,0
BRDA:439,45,1,0
BRDA:439,46,0,0
BRDA:439,46,1,0
BRDA:443,47,0,0
BRDA:443,47,1,0
BRDA:443,48,0,0
BRDA:443,48,1,0
BRDA:443,49,0,0
BRDA:443,49,1,0
BRDA:451,50,0,0
BRDA:451,50,1,0
BRDA:451,51,0,0
BRDA:451,51,1,0
BRDA:451,51,2,0
BRDA:455,52,0,0
BRDA:455,52,1,0
BRDA:467,53,0,0
BRDA:467,53,1,0
BRDA:479,54,0,0
BRDA:479,54,1,0
BRDA:480,55,0,0
BRDA:480,55,1,0
BRDA:481,56,0,0
BRDA:481,56,1,0
BRDA:482,57,0,0
BRDA:482,57,1,0
BRDA:483,58,0,0
BRDA:483,58,1,0
BRDA:504,59,0,0
BRDA:504,59,1,0
BRDA:505,60,0,0
BRDA:505,60,1,0
BRDA:506,61,0,0
BRDA:506,61,1,0
BRDA:507,62,0,0
BRDA:507,62,1,0
BRDA:508,63,0,0
BRDA:508,63,1,0
BRDA:509,64,0,0
BRDA:509,64,1,0
BRDA:510,65,0,0
BRDA:510,65,1,0
BRDA:513,66,0,0
BRDA:513,66,1,0
BRDA:513,67,0,0
BRDA:513,67,1,0
BRF:135
BRH:0
end_of_record
TN:
SF:src/lib/Piece.svelte
FN:7,add_css
FN:11,create_fragment
FN:17,create
FN:27,claim
FN:30,mount
FN:34,update
FN:45,destroy
FN:61,instance
FN:85,(anonymous_8)
FN:89,(anonymous_9)
FN:93,(anonymous_10)
FN:95,(anonymous_11)
FN:104,(anonymous_12)
FN:115,(anonymous_13)
FN:127,(anonymous_14)
FN:131,(anonymous_15)
FNF:16
FNH:0
FNDA:0,add_css
FNDA:0,create_fragment
FNDA:0,create
FNDA:0,claim
FNDA:0,mount
FNDA:0,update
FNDA:0,destroy
FNDA:0,instance
FNDA:0,(anonymous_8)
FNDA:0,(anonymous_9)
FNDA:0,(anonymous_10)
FNDA:0,(anonymous_11)
FNDA:0,(anonymous_12)
FNDA:0,(anonymous_13)
FNDA:0,(anonymous_14)
FNDA:0,(anonymous_15)
DA:4,0
DA:5,0
DA:8,0
DA:16,0
DA:18,0
DA:19,0
DA:20,0
DA:21,0
DA:22,0
DA:23,0
DA:24,0
DA:25,0
DA:28,0
DA:31,0
DA:32,0
DA:35,0
DA:36,0
DA:39,0
DA:40,0
DA:46,0
DA:50,0
DA:58,0
DA:63,0
DA:64,0
DA:65,0
DA:67,0
DA:83,0
DA:85,0
DA:86,0
DA:89,0
DA:90,0
DA:93,0
DA:95,0
DA:96,0
DA:97,0
DA:100,0
DA:101,0
DA:104,0
DA:105,0
DA:107,0
DA:111,0
DA:116,0
DA:117,0
DA:119,0
DA:128,0
DA:132,0
DA:133,0
DA:137,0
LF:48
LH:0
BRDA:20,0,0,0
BRDA:20,0,1,0
BRDA:35,1,0,0
BRDA:35,1,1,0
BRDA:35,2,0,0
BRDA:35,2,1,0
BRDA:39,3,0,0
BRDA:39,3,1,0
BRDA:46,4,0,0
BRDA:46,4,1,0
BRDA:63,5,0,0
BRDA:65,6,0,0
BRDA:86,7,0,0
BRDA:86,7,1,0
BRDA:86,8,0,0
BRDA:86,8,1,0
BRDA:86,8,2,0
BRDA:90,9,0,0
BRDA:90,9,1,0
BRDA:96,10,0,0
BRDA:96,10,1,0
BRDA:97,11,0,0
BRDA:97,11,1,0
BRDA:100,12,0,0
BRDA:100,12,1,0
BRDA:100,13,0,0
BRDA:100,13,1,0
BRDA:105,14,0,0
BRDA:105,14,1,0
BRF:29
BRH:0
end_of_record
TN:
SF:src/lib/index.js
FNF:0
FNH:0
DA:5,0
LF:1
LH:0
BRF:0
BRH:0
end_of_record
TN:
SF:src/lib/main.js
FNF:0
FNH:0
DA:3,0
LF:1
LH:0
BRF:0
BRH:0
end_of_record
